#
# A fatal error has been detected by the Java Runtime Environment:
#
#  EXCEPTION_ACCESS_VIOLATION (0xc0000005) at pc=0x000000006b4b6042, pid=12480, tid=0x0000000000003938
#
# JRE version: Java(TM) SE Runtime Environment (8.0_221-b11) (build 1.8.0_221-b11)
# Java VM: Java HotSpot(TM) 64-Bit Server VM (25.221-b11 mixed mode windows-amd64 compressed oops)
# Problematic frame:
# V  [jvm.dll+0x146042]
#
# Failed to write core dump. Minidumps are not enabled by default on client versions of Windows
#
# If you would like to submit a bug report, please visit:
#   http://bugreport.java.com/bugreport/crash.jsp
#

---------------  T H R E A D  ---------------

Current thread (0x000000001c364000):  JavaThread "JavaFX Application Thread" [_thread_in_vm, id=14648, stack(0x000000001cf00000,0x000000001d000000)]

siginfo: ExceptionCode=0xc0000005, reading address 0x0000000000000000

Registers:
RAX=0x0000000000000000, RBX=0x000000001c364000, RCX=0x0000000000000400, RDX=0x0000000000000000
RSP=0x000000001cffc1e0, RBP=0x0000000000000000, RSI=0x0000000000000000, RDI=0x0000000000000000
R8 =0x0000000000000000, R9 =0x00000007837f11d0, R10=0x0000000000000022, R11=0x000000006bb87940
R12=0x0000000023f9e618, R13=0x000000002709b258, R14=0x000000001cffc380, R15=0x000000001c364000
RIP=0x000000006b4b6042, EFLAGS=0x0000000000010202

Top of Stack: (sp=0x000000001cffc1e0)
0x000000001cffc1e0:   000000001cffc240 000000000315835d
0x000000001cffc1f0:   00000007837f1b98 00000007837f1bf8
0x000000001cffc200:   000000001c364000 0000000000000000
0x000000001cffc210:   000000001cffc258 0000000027132c40
0x000000001cffc220:   0000000000000000 00000000271245f8
0x000000001cffc230:   0000000000000000 000000001cffc250
0x000000001cffc240:   000000001cffc2b0 000000001c3641f8
0x000000001cffc250:   0000000000000000 000000006be4204d
0x000000001cffc260:   000000001cffc380 000000000000000a
0x000000001cffc270:   000000001cffc270 000000001c3641f8
0x000000001cffc280:   000000001cffc2c8 00000000271310d0
0x000000001cffc290:   0000000000000000 0000000027122608
0x000000001cffc2a0:   000000002709b260 0000000050200021
0x000000001cffc2b0:   000000000000000a 000000001cffc358
0x000000001cffc2c0:   0000000000000000 00000000031697db
0x000000001cffc2d0:   000000001cffc2d0 000000002711fe2a 

Instructions: (pc=0x000000006b4b6042)
0x000000006b4b6022:   89 5c 24 20 48 89 74 24 28 48 39 73 08 74 0a 48
0x000000006b4b6032:   8d 4c 24 20 e8 95 8c 13 00 40 38 35 fe 08 6d 00
0x000000006b4b6042:   48 8b 3f 48 63 05 48 68 6b 00 74 1b 8b 0c 38 85
0x000000006b4b6052:   c9 74 7c 8b c1 8b 0d fb 37 66 00 48 d3 e0 48 03 


Register to memory mapping:

RAX=0x0000000000000000 is an unknown value
RBX=0x000000001c364000 is a thread
RCX=0x0000000000000400 is an unknown value
RDX=0x0000000000000000 is an unknown value
RSP=0x000000001cffc1e0 is pointing into the stack for thread: 0x000000001c364000
RBP=0x0000000000000000 is an unknown value
RSI=0x0000000000000000 is an unknown value
RDI=0x0000000000000000 is an unknown value
R8 =0x0000000000000000 is an unknown value
R9 =0x00000007837f11d0 is an oop
org.sqlite.core.NativeDB 
 - klass: 'org/sqlite/core/NativeDB'
R10=0x0000000000000022 is an unknown value
R11=0x000000006bb87940 is an unknown value
R12=0x0000000023f9e618 is an unknown value
R13=0x000000002709b258 is pointing into metadata
R14=0x000000001cffc380 is pointing into the stack for thread: 0x000000001c364000
R15=0x000000001c364000 is a thread


Stack: [0x000000001cf00000,0x000000001d000000],  sp=0x000000001cffc1e0,  free space=1008k
Native frames: (J=compiled Java code, j=interpreted, Vv=VM code, C=native code)

Java frames: (J=compiled Java code, j=interpreted, Vv=VM code)
j  org.sqlite.core.NativeDB.prepare(Ljava/lang/String;)J+0
j  org.sqlite.core.DB.prepare(Lorg/sqlite/core/CoreStatement;)V+21
j  org.sqlite.jdbc3.JDBC3Statement.executeQuery(Ljava/lang/String;)Ljava/sql/ResultSet;+14
j  com.mycompany.rplproject.db.DBUtil.dbExecuteQuery(Ljava/lang/String;)Ljava/sql/ResultSet;+20
j  com.mycompany.rplproject.Home.NewURLController.initialize(Ljava/net/URL;Ljava/util/ResourceBundle;)V+35
j  javafx.fxml.FXMLLoader.loadImpl(Ljava/io/InputStream;Ljava/lang/Class;)Ljava/lang/Object;+265
j  javafx.fxml.FXMLLoader.loadImpl(Ljava/lang/Class;)Ljava/lang/Object;+30
j  javafx.fxml.FXMLLoader.load()Ljava/lang/Object;+14
j  com.mycompany.rplproject.Home.HomeController.tambahURL(Ljavafx/scene/input/MouseEvent;)V+22
v  ~StubRoutines::call_stub
J 1766  sun.reflect.NativeMethodAccessorImpl.invoke0(Ljava/lang/reflect/Method;Ljava/lang/Object;[Ljava/lang/Object;)Ljava/lang/Object; (0 bytes) @ 0x000000000368fb3f [0x000000000368fac0+0x7f]
J 1765 C1 sun.reflect.NativeMethodAccessorImpl.invoke(Ljava/lang/Object;[Ljava/lang/Object;)Ljava/lang/Object; (104 bytes) @ 0x00000000036a86bc [0x00000000036a74c0+0x11fc]
J 1748 C1 sun.reflect.DelegatingMethodAccessorImpl.invoke(Ljava/lang/Object;[Ljava/lang/Object;)Ljava/lang/Object; (10 bytes) @ 0x0000000003688dcc [0x0000000003688cc0+0x10c]
J 854 C1 java.lang.reflect.Method.invoke(Ljava/lang/Object;[Ljava/lang/Object;)Ljava/lang/Object; (62 bytes) @ 0x000000000346f134 [0x000000000346ed40+0x3f4]
j  sun.reflect.misc.Trampoline.invoke(Ljava/lang/reflect/Method;Ljava/lang/Object;[Ljava/lang/Object;)Ljava/lang/Object;+7
j  sun.reflect.GeneratedMethodAccessor1.invoke(Ljava/lang/Object;[Ljava/lang/Object;)Ljava/lang/Object;+40
J 1748 C1 sun.reflect.DelegatingMethodAccessorImpl.invoke(Ljava/lang/Object;[Ljava/lang/Object;)Ljava/lang/Object; (10 bytes) @ 0x0000000003688dcc [0x0000000003688cc0+0x10c]
J 854 C1 java.lang.reflect.Method.invoke(Ljava/lang/Object;[Ljava/lang/Object;)Ljava/lang/Object; (62 bytes) @ 0x000000000346f134 [0x000000000346ed40+0x3f4]
j  sun.reflect.misc.MethodUtil.invoke(Ljava/lang/reflect/Method;Ljava/lang/Object;[Ljava/lang/Object;)Ljava/lang/Object;+20
j  javafx.fxml.FXMLLoader$MethodHandler.invoke([Ljava/lang/Object;)V+19
j  javafx.fxml.FXMLLoader$ControllerMethodEventHandler.handle(Ljavafx/event/Event;)V+12
j  com.sun.javafx.event.CompositeEventHandler.dispatchBubblingEvent(Ljavafx/event/Event;)V+51
J 1613 C1 com.sun.javafx.event.EventHandlerManager.dispatchBubblingEvent(Ljavafx/event/Event;)Ljavafx/event/Event; (23 bytes) @ 0x000000000363a364 [0x0000000003639ce0+0x684]
J 1612 C1 com.sun.javafx.event.CompositeEventDispatcher.dispatchBubblingEvent(Ljavafx/event/Event;)Ljavafx/event/Event; (35 bytes) @ 0x000000000363acdc [0x000000000363ab20+0x1bc]
J 1323 C1 com.sun.javafx.event.BasicEventDispatcher.dispatchEvent(Ljavafx/event/Event;Ljavafx/event/EventDispatchChain;)Ljavafx/event/Event; (44 bytes) @ 0x00000000035c4f7c [0x00000000035c4c40+0x33c]
J 1296 C1 com.sun.javafx.event.EventDispatchChainImpl.dispatchEvent(Ljavafx/event/Event;)Ljavafx/event/Event; (101 bytes) @ 0x00000000035b6c3c [0x00000000035b6a80+0x1bc]
J 1323 C1 com.sun.javafx.event.BasicEventDispatcher.dispatchEvent(Ljavafx/event/Event;Ljavafx/event/EventDispatchChain;)Ljavafx/event/Event; (44 bytes) @ 0x00000000035c4e94 [0x00000000035c4c40+0x254]
J 1296 C1 com.sun.javafx.event.EventDispatchChainImpl.dispatchEvent(Ljavafx/event/Event;)Ljavafx/event/Event; (101 bytes) @ 0x00000000035b6c3c [0x00000000035b6a80+0x1bc]
J 1323 C1 com.sun.javafx.event.BasicEventDispatcher.dispatchEvent(Ljavafx/event/Event;Ljavafx/event/EventDispatchChain;)Ljavafx/event/Event; (44 bytes) @ 0x00000000035c4e94 [0x00000000035c4c40+0x254]
J 1296 C1 com.sun.javafx.event.EventDispatchChainImpl.dispatchEvent(Ljavafx/event/Event;)Ljavafx/event/Event; (101 bytes) @ 0x00000000035b6c3c [0x00000000035b6a80+0x1bc]
J 1323 C1 com.sun.javafx.event.BasicEventDispatcher.dispatchEvent(Ljavafx/event/Event;Ljavafx/event/EventDispatchChain;)Ljavafx/event/Event; (44 bytes) @ 0x00000000035c4e94 [0x00000000035c4c40+0x254]
J 1296 C1 com.sun.javafx.event.EventDispatchChainImpl.dispatchEvent(Ljavafx/event/Event;)Ljavafx/event/Event; (101 bytes) @ 0x00000000035b6c3c [0x00000000035b6a80+0x1bc]
J 1983 C1 com.sun.javafx.event.EventUtil.fireEvent(Ljavafx/event/EventTarget;Ljavafx/event/Event;)Ljavafx/event/Event; (81 bytes) @ 0x0000000003712f24 [0x00000000037127e0+0x744]
J 1982 C1 javafx.event.Event.fireEvent(Ljavafx/event/EventTarget;Ljavafx/event/Event;)V (35 bytes) @ 0x00000000037121ac [0x00000000037120e0+0xcc]
j  javafx.scene.Scene$ClickGenerator.postProcess(Ljavafx/scene/input/MouseEvent;Ljavafx/scene/Scene$TargetWrapper;Ljavafx/scene/Scene$TargetWrapper;)V+254
j  javafx.scene.Scene$ClickGenerator.access$8100(Ljavafx/scene/Scene$ClickGenerator;Ljavafx/scene/input/MouseEvent;Ljavafx/scene/Scene$TargetWrapper;Ljavafx/scene/Scene$TargetWrapper;)V+4
j  javafx.scene.Scene$MouseHandler.process(Ljavafx/scene/input/MouseEvent;Z)V+538
j  javafx.scene.Scene$MouseHandler.access$1500(Ljavafx/scene/Scene$MouseHandler;Ljavafx/scene/input/MouseEvent;Z)V+3
j  javafx.scene.Scene.impl_processMouseEvent(Ljavafx/scene/input/MouseEvent;)V+6
j  javafx.scene.Scene$ScenePeerListener.mouseEvent(Ljavafx/event/EventType;DDDDLjavafx/scene/input/MouseButton;ZZZZZZZZZ)V+46
j  com.sun.javafx.tk.quantum.GlassViewEventHandler$MouseEventNotification.run()Ljava/lang/Void;+571
j  com.sun.javafx.tk.quantum.GlassViewEventHandler$MouseEventNotification.run()Ljava/lang/Object;+1
v  ~StubRoutines::call_stub
J 1276  java.security.AccessController.doPrivileged(Ljava/security/PrivilegedAction;Ljava/security/AccessControlContext;)Ljava/lang/Object; (0 bytes) @ 0x00000000035a73e6 [0x00000000035a7380+0x66]
j  com.sun.javafx.tk.quantum.GlassViewEventHandler.lambda$handleMouseEvent$2()Ljava/lang/Void;+11
j  com.sun.javafx.tk.quantum.GlassViewEventHandler$$Lambda$185.get()Ljava/lang/Object;+4
j  com.sun.javafx.tk.quantum.QuantumToolkit.runWithoutRenderLock(Ljava/util/function/Supplier;)Ljava/lang/Object;+18
j  com.sun.javafx.tk.quantum.GlassViewEventHandler.handleMouseEvent(Lcom/sun/glass/ui/View;JIIIIIIIZZ)V+103
j  com.sun.glass.ui.View.handleMouseEvent(JIIIIIIIZZ)V+30
j  com.sun.glass.ui.View.notifyMouse(IIIIIIIZZ)V+181
v  ~StubRoutines::call_stub
j  com.sun.glass.ui.win.WinApplication._runLoop(Ljava/lang/Runnable;)V+0
j  com.sun.glass.ui.win.WinApplication.lambda$null$3(ILjava/lang/Runnable;)V+8
j  com.sun.glass.ui.win.WinApplication$$Lambda$37.run()V+12
j  java.lang.Thread.run()V+11
v  ~StubRoutines::call_stub

---------------  P R O C E S S  ---------------

Java Threads: ( => current thread )
  0x000000001c4f8000 JavaThread "Prism Font Disposer" daemon [_thread_blocked, id=10896, stack(0x0000000025400000,0x0000000025500000)]
  0x000000001c3e7800 JavaThread "Thread-3" daemon [_thread_in_native, id=5072, stack(0x0000000023ad0000,0x0000000023bd0000)]
  0x000000001c3eb000 JavaThread "JavaFX-Launcher" [_thread_blocked, id=1828, stack(0x0000000023bd0000,0x0000000023cd0000)]
=>0x000000001c364000 JavaThread "JavaFX Application Thread" [_thread_in_vm, id=14648, stack(0x000000001cf00000,0x000000001d000000)]
  0x000000001c386000 JavaThread "Thread-1" daemon [_thread_blocked, id=10632, stack(0x000000001ce00000,0x000000001cf00000)]
  0x000000001bf10800 JavaThread "QuantumRenderer-0" daemon [_thread_blocked, id=5824, stack(0x000000001cb50000,0x000000001cc50000)]
  0x000000001bb48800 JavaThread "Service Thread" daemon [_thread_blocked, id=12484, stack(0x000000001bf20000,0x000000001c020000)]
  0x000000001a1e4000 JavaThread "C1 CompilerThread2" daemon [_thread_blocked, id=12388, stack(0x000000001ba20000,0x000000001bb20000)]
  0x000000001a1d5800 JavaThread "C2 CompilerThread1" daemon [_thread_blocked, id=5816, stack(0x000000001b920000,0x000000001ba20000)]
  0x000000001a1d2800 JavaThread "C2 CompilerThread0" daemon [_thread_blocked, id=16916, stack(0x000000001b820000,0x000000001b920000)]
  0x000000001a1d0800 JavaThread "Attach Listener" daemon [_thread_blocked, id=1156, stack(0x000000001b720000,0x000000001b820000)]
  0x000000001a1cd800 JavaThread "Signal Dispatcher" daemon [_thread_blocked, id=15420, stack(0x000000001b620000,0x000000001b720000)]
  0x000000000314b000 JavaThread "Finalizer" daemon [_thread_blocked, id=10564, stack(0x000000001b420000,0x000000001b520000)]
  0x0000000003142000 JavaThread "Reference Handler" daemon [_thread_blocked, id=4288, stack(0x000000001b320000,0x000000001b420000)]
  0x000000000304e000 JavaThread "main" [_thread_blocked, id=13304, stack(0x0000000002ef0000,0x0000000002ff0000)]

Other Threads:
  0x000000001a197000 VMThread [stack: 0x000000001b220000,0x000000001b320000] [id=5856]
  0x000000001bb83000 WatcherThread [stack: 0x000000001c020000,0x000000001c120000] [id=15920]

VM state:not at safepoint (normal execution)

VM Mutex/Monitor currently owned by a thread: None

heap address: 0x0000000701c00000, size: 3044 MB, Compressed Oops mode: Zero based, Oop shift amount: 3
Narrow klass base: 0x0000000000000000, Narrow klass shift: 3
Compressed class space size: 1073741824 Address: 0x00000007c0000000

Heap:
 PSYoungGen      total 57344K, used 47759K [0x0000000780980000, 0x0000000784980000, 0x00000007c0000000)
  eden space 49152K, 97% used [0x0000000780980000,0x0000000783823c60,0x0000000783980000)
  from space 8192K, 0% used [0x0000000784180000,0x0000000784180000,0x0000000784980000)
  to   space 8192K, 0% used [0x0000000783980000,0x0000000783980000,0x0000000784180000)
 ParOldGen       total 131072K, used 0K [0x0000000701c00000, 0x0000000709c00000, 0x0000000780980000)
  object space 131072K, 0% used [0x0000000701c00000,0x0000000701c00000,0x0000000709c00000)
 Metaspace       used 19479K, capacity 20312K, committed 20480K, reserved 1067008K
  class space    used 2773K, capacity 2982K, committed 3072K, reserved 1048576K

Card table byte_map: [0x0000000012510000,0x0000000012b10000] byte_map_base: 0x000000000ed02000

Marking Bits: (ParMarkBitMap*) 0x000000006bb95ce0
 Begin Bits: [0x0000000013310000, 0x00000000162a0000)
 End Bits:   [0x00000000162a0000, 0x0000000019230000)

Polling page: 0x0000000000dd0000

CodeCache: size=245760Kb used=6150Kb max_used=6150Kb free=239609Kb
 bounds [0x0000000003150000, 0x0000000003760000, 0x0000000012150000]
 total_blobs=2749 nmethods=2062 adapters=599
 compilation: enabled

Compilation events (10 events):
Event: 8.340 Thread 0x000000001a1d2800 nmethod 2058 0x0000000003741790 code [0x0000000003741900, 0x0000000003741bf8]
Event: 8.340 Thread 0x000000001a1d2800 2060       4       java.lang.Class$MethodArray::<init> (38 bytes)
Event: 8.341 Thread 0x000000001a1d5800 nmethod 2059 0x0000000003743390 code [0x0000000003743500, 0x00000000037437c8]
Event: 8.342 Thread 0x000000001a1d5800 2062       4       java.lang.Class$MethodArray::removeLessSpecifics (111 bytes)
Event: 8.342 Thread 0x000000001a1d2800 nmethod 2060 0x0000000003741410 code [0x0000000003741560, 0x00000000037416b8]
Event: 8.342 Thread 0x000000001a1d5800 nmethod 2062 0x000000000370ad10 code [0x000000000370ae40, 0x000000000370aeb8]
Event: 8.342 Thread 0x000000001a1e4000 nmethod 2052 0x0000000003743a90 code [0x00000000037445e0, 0x000000000374c7c8]
Event: 8.342 Thread 0x000000001a1e4000 2061       3       com.sun.org.apache.xerces.internal.impl.XMLStreamReaderImpl::isWhiteSpace (64 bytes)
Event: 8.343 Thread 0x000000001a1e4000 nmethod 2061 0x0000000003742990 code [0x0000000003742b60, 0x00000000037430e8]
Event: 8.343 Thread 0x000000001a1e4000 2056   !   3       com.sun.javafx.fxml.BeanAdapter::getStaticSetterMethod (204 bytes)

GC Heap History (0 events):
No events

Deoptimization events (10 events):
Event: 1.200 Thread 0x000000001c364000 Uncommon trap: reason=unstable_if action=reinterpret pc=0x0000000003456020 method=sun.net.www.ParseUtil.encodePath(Ljava/lang/String;Z)Ljava/lang/String; @ 109
Event: 1.217 Thread 0x000000001c364000 Uncommon trap: reason=unstable_if action=reinterpret pc=0x000000000332c480 method=java.lang.CharacterData.of(I)Ljava/lang/CharacterData; @ 4
Event: 1.268 Thread 0x000000001c364000 Uncommon trap: reason=unstable_if action=reinterpret pc=0x0000000003518ce8 method=jdk.internal.org.objectweb.asm.Type.getArgumentsAndReturnSizes(Ljava/lang/String;)I @ 47
Event: 6.383 Thread 0x000000001c364000 Uncommon trap: reason=unstable_if action=reinterpret pc=0x00000000033b49dc method=java.lang.AbstractStringBuilder.append(Ljava/lang/String;)Ljava/lang/AbstractStringBuilder; @ 1
Event: 6.449 Thread 0x000000001c364000 Uncommon trap: reason=unstable_if action=reinterpret pc=0x0000000003662acc method=org.sqlite.SQLiteJDBCLoader.contentsEquals(Ljava/io/InputStream;Ljava/io/InputStream;)Z @ 39
Event: 6.504 Thread 0x000000001c364000 Uncommon trap: reason=class_check action=maybe_recompile pc=0x00000000034f01b4 method=java.util.HashMap.putVal(ILjava/lang/Object;Ljava/lang/Object;ZZ)Ljava/lang/Object; @ 203
Event: 6.504 Thread 0x000000001c364000 Uncommon trap: reason=class_check action=maybe_recompile pc=0x00000000034f01b4 method=java.util.HashMap.putVal(ILjava/lang/Object;Ljava/lang/Object;ZZ)Ljava/lang/Object; @ 203
Event: 6.504 Thread 0x000000001c364000 Uncommon trap: reason=class_check action=maybe_recompile pc=0x00000000034f01b4 method=java.util.HashMap.putVal(ILjava/lang/Object;Ljava/lang/Object;ZZ)Ljava/lang/Object; @ 203
Event: 6.504 Thread 0x000000001c364000 Uncommon trap: reason=class_check action=maybe_recompile pc=0x00000000034f01b4 method=java.util.HashMap.putVal(ILjava/lang/Object;Ljava/lang/Object;ZZ)Ljava/lang/Object; @ 203
Event: 8.343 Thread 0x000000001c364000 Uncommon trap: reason=unstable_if action=reinterpret pc=0x0000000003368e98 method=java.lang.AbstractStringBuilder.append(Ljava/lang/String;)Ljava/lang/AbstractStringBuilder; @ 1

Classes redefined (0 events):
No events

Internal exceptions (10 events):
Event: 0.711 Thread 0x000000001c364000 Exception <a 'java/lang/ArrayIndexOutOfBoundsException': 84> (0x00000007819f96f0) thrown at [C:\re\workspace\8-2-build-windows-amd64-cygwin\jdk8u221\13320\hotspot\src\share\vm\interpreter\interpreterRuntime.cpp, line 368]
Event: 0.714 Thread 0x000000001c364000 Exception <a 'java/lang/ArrayIndexOutOfBoundsException': 49> (0x0000000781a202e8) thrown at [C:\re\workspace\8-2-build-windows-amd64-cygwin\jdk8u221\13320\hotspot\src\share\vm\interpreter\interpreterRuntime.cpp, line 368]
Event: 0.776 Thread 0x000000001c364000 Exception <a 'java/lang/ArrayIndexOutOfBoundsException'> (0x0000000781b5bbb0) thrown at [C:\re\workspace\8-2-build-windows-amd64-cygwin\jdk8u221\13320\hotspot\src\share\vm\runtime\sharedRuntime.cpp, line 605]
Event: 0.776 Thread 0x000000001c364000 Exception <a 'java/lang/ArrayIndexOutOfBoundsException'> (0x0000000781b5d1d0) thrown at [C:\re\workspace\8-2-build-windows-amd64-cygwin\jdk8u221\13320\hotspot\src\share\vm\runtime\sharedRuntime.cpp, line 605]
Event: 0.815 Thread 0x000000001c364000 Exception <a 'java/lang/ArrayIndexOutOfBoundsException'> (0x0000000781c9f290) thrown at [C:\re\workspace\8-2-build-windows-amd64-cygwin\jdk8u221\13320\hotspot\src\share\vm\runtime\sharedRuntime.cpp, line 605]
Event: 0.818 Thread 0x000000001c364000 Exception <a 'java/lang/ArrayIndexOutOfBoundsException'> (0x0000000781cb4740) thrown at [C:\re\workspace\8-2-build-windows-amd64-cygwin\jdk8u221\13320\hotspot\src\share\vm\runtime\sharedRuntime.cpp, line 605]
Event: 0.947 Thread 0x000000001c364000 Implicit null exception at 0x0000000003470c9b to 0x0000000003471325
Event: 0.981 Thread 0x000000001c364000 Implicit null exception at 0x0000000003477bf5 to 0x0000000003477e25
Event: 6.383 Thread 0x000000001c364000 Implicit null exception at 0x00000000033b4616 to 0x00000000033b49c5
Event: 8.343 Thread 0x000000001c364000 Implicit null exception at 0x0000000003368ad6 to 0x0000000003368e81

Events (10 events):
Event: 8.330 loading class javafx/scene/control/ComboBox done
Event: 8.330 loading class javafx/scene/control/ListCell
Event: 8.330 loading class javafx/scene/control/ListCell done
Event: 8.330 loading class javafx/scene/control/IndexedCell
Event: 8.330 loading class javafx/scene/control/IndexedCell done
Event: 8.331 loading class javafx/scene/control/Cell
Event: 8.331 loading class javafx/scene/control/Cell done
Event: 8.343 Thread 0x000000001c364000 Uncommon trap: trap_request=0xffffff65 fr.pc=0x0000000003368e98
Event: 8.343 Thread 0x000000001c364000 DEOPT PACKING pc=0x0000000003368e98 sp=0x000000001cffc410
Event: 8.343 Thread 0x000000001c364000 DEOPT UNPACKING pc=0x000000000319583b sp=0x000000001cffc3f0 mode 2


Dynamic libraries:
0x00007ff7670f0000 - 0x00007ff767127000 	C:\Program Files\Java\jdk1.8.0_221\jre\bin\java.exe
0x00007ff98b7a0000 - 0x00007ff98b990000 	C:\Windows\SYSTEM32\ntdll.dll
0x00007ff98ae20000 - 0x00007ff98aed2000 	C:\Windows\System32\KERNEL32.DLL
0x00007ff9894f0000 - 0x00007ff989793000 	C:\Windows\System32\KERNELBASE.dll
0x00007ff98a710000 - 0x00007ff98a7b3000 	C:\Windows\System32\ADVAPI32.dll
0x00007ff98ad80000 - 0x00007ff98ae1e000 	C:\Windows\System32\msvcrt.dll
0x00007ff98aee0000 - 0x00007ff98af77000 	C:\Windows\System32\sechost.dll
0x00007ff98ab40000 - 0x00007ff98ac60000 	C:\Windows\System32\RPCRT4.dll
0x00007ff98b360000 - 0x00007ff98b4f4000 	C:\Windows\System32\USER32.dll
0x00007ff9897a0000 - 0x00007ff9897c1000 	C:\Windows\System32\win32u.dll
0x00007ff98a7c0000 - 0x00007ff98a7e6000 	C:\Windows\System32\GDI32.dll
0x00007ff9892a0000 - 0x00007ff989434000 	C:\Windows\System32\gdi32full.dll
0x00007ff988790000 - 0x00007ff98882e000 	C:\Windows\System32\msvcp_win.dll
0x00007ff988fb0000 - 0x00007ff9890aa000 	C:\Windows\System32\ucrtbase.dll
0x00007ff973650000 - 0x00007ff9738d5000 	C:\Windows\WinSxS\amd64_microsoft.windows.common-controls_6595b64144ccf1df_6.0.18362.418_none_e6c6b287130d565d\COMCTL32.dll
0x00007ff98a7f0000 - 0x00007ff98ab26000 	C:\Windows\System32\combase.dll
0x00007ff9897d0000 - 0x00007ff989850000 	C:\Windows\System32\bcryptPrimitives.dll
0x00007ff98b120000 - 0x00007ff98b14e000 	C:\Windows\System32\IMM32.DLL
0x000000006b290000 - 0x000000006b362000 	C:\Program Files\Java\jdk1.8.0_221\jre\bin\msvcr100.dll
0x000000006b370000 - 0x000000006bc15000 	C:\Program Files\Java\jdk1.8.0_221\jre\bin\server\jvm.dll
0x00007ff98b350000 - 0x00007ff98b358000 	C:\Windows\System32\PSAPI.DLL
0x00007ff97fe90000 - 0x00007ff97feb4000 	C:\Windows\SYSTEM32\WINMM.dll
0x00007ff987170000 - 0x00007ff987179000 	C:\Windows\SYSTEM32\WSOCK32.dll
0x00007ff9813f0000 - 0x00007ff9813fa000 	C:\Windows\SYSTEM32\VERSION.dll
0x00007ff98af80000 - 0x00007ff98afef000 	C:\Windows\System32\WS2_32.dll
0x00007ff97fe60000 - 0x00007ff97fe8d000 	C:\Windows\SYSTEM32\winmmbase.dll
0x00007ff989220000 - 0x00007ff98926a000 	C:\Windows\System32\cfgmgr32.dll
0x00007ff985f80000 - 0x00007ff985f8f000 	C:\Program Files\Java\jdk1.8.0_221\jre\bin\verify.dll
0x00007ff982250000 - 0x00007ff982279000 	C:\Program Files\Java\jdk1.8.0_221\jre\bin\java.dll
0x00007ff982230000 - 0x00007ff982246000 	C:\Program Files\Java\jdk1.8.0_221\jre\bin\zip.dll
0x00007ff989ad0000 - 0x00007ff98a1b5000 	C:\Windows\System32\SHELL32.dll
0x00007ff98b6b0000 - 0x00007ff98b759000 	C:\Windows\System32\shcore.dll
0x00007ff988830000 - 0x00007ff988faf000 	C:\Windows\System32\windows.storage.dll
0x00007ff988680000 - 0x00007ff98869f000 	C:\Windows\System32\profapi.dll
0x00007ff9886c0000 - 0x00007ff98870a000 	C:\Windows\System32\powrprof.dll
0x00007ff988670000 - 0x00007ff988680000 	C:\Windows\System32\UMPDC.dll
0x00007ff989850000 - 0x00007ff9898a2000 	C:\Windows\System32\shlwapi.dll
0x00007ff9886a0000 - 0x00007ff9886b1000 	C:\Windows\System32\kernel.appcore.dll
0x00007ff989200000 - 0x00007ff989217000 	C:\Windows\System32\cryptsp.dll
0x0000000002ff0000 - 0x0000000002ff3000 	C:\Program Files\Java\jdk1.8.0_221\jre\bin\api-ms-win-core-console-l1-1-0.dll
0x0000000003000000 - 0x0000000003003000 	C:\Program Files\Java\jdk1.8.0_221\jre\bin\api-ms-win-core-datetime-l1-1-0.dll
0x0000000003010000 - 0x0000000003013000 	C:\Program Files\Java\jdk1.8.0_221\jre\bin\api-ms-win-core-debug-l1-1-0.dll
0x0000000003020000 - 0x0000000003023000 	C:\Program Files\Java\jdk1.8.0_221\jre\bin\api-ms-win-core-errorhandling-l1-1-0.dll
0x0000000003030000 - 0x0000000003034000 	C:\Program Files\Java\jdk1.8.0_221\jre\bin\api-ms-win-core-file-l1-1-0.dll
0x000000001c120000 - 0x000000001c123000 	C:\Program Files\Java\jdk1.8.0_221\jre\bin\api-ms-win-core-file-l1-2-0.dll
0x000000001c130000 - 0x000000001c133000 	C:\Program Files\Java\jdk1.8.0_221\jre\bin\api-ms-win-core-file-l2-1-0.dll
0x000000001c140000 - 0x000000001c143000 	C:\Program Files\Java\jdk1.8.0_221\jre\bin\api-ms-win-core-handle-l1-1-0.dll
0x000000001c150000 - 0x000000001c153000 	C:\Program Files\Java\jdk1.8.0_221\jre\bin\api-ms-win-core-heap-l1-1-0.dll
0x000000001c160000 - 0x000000001c163000 	C:\Program Files\Java\jdk1.8.0_221\jre\bin\api-ms-win-core-interlocked-l1-1-0.dll
0x000000001c170000 - 0x000000001c173000 	C:\Program Files\Java\jdk1.8.0_221\jre\bin\api-ms-win-core-libraryloader-l1-1-0.dll
0x000000001c180000 - 0x000000001c183000 	C:\Program Files\Java\jdk1.8.0_221\jre\bin\api-ms-win-core-localization-l1-2-0.dll
0x000000001c190000 - 0x000000001c193000 	C:\Program Files\Java\jdk1.8.0_221\jre\bin\api-ms-win-core-memory-l1-1-0.dll
0x000000001c1a0000 - 0x000000001c1a3000 	C:\Program Files\Java\jdk1.8.0_221\jre\bin\api-ms-win-core-namedpipe-l1-1-0.dll
0x000000001c1b0000 - 0x000000001c1b3000 	C:\Program Files\Java\jdk1.8.0_221\jre\bin\api-ms-win-core-processenvironment-l1-1-0.dll
0x000000001c1c0000 - 0x000000001c1c3000 	C:\Program Files\Java\jdk1.8.0_221\jre\bin\api-ms-win-core-processthreads-l1-1-0.dll
0x000000001c1d0000 - 0x000000001c1d3000 	C:\Program Files\Java\jdk1.8.0_221\jre\bin\api-ms-win-core-processthreads-l1-1-1.dll
0x000000001c1e0000 - 0x000000001c1e3000 	C:\Program Files\Java\jdk1.8.0_221\jre\bin\api-ms-win-core-profile-l1-1-0.dll
0x000000001c1f0000 - 0x000000001c1f3000 	C:\Program Files\Java\jdk1.8.0_221\jre\bin\api-ms-win-core-rtlsupport-l1-1-0.dll
0x000000001c200000 - 0x000000001c203000 	C:\Program Files\Java\jdk1.8.0_221\jre\bin\api-ms-win-core-string-l1-1-0.dll
0x000000001c210000 - 0x000000001c213000 	C:\Program Files\Java\jdk1.8.0_221\jre\bin\api-ms-win-core-synch-l1-1-0.dll
0x000000001c220000 - 0x000000001c223000 	C:\Program Files\Java\jdk1.8.0_221\jre\bin\api-ms-win-core-synch-l1-2-0.dll
0x000000001c230000 - 0x000000001c233000 	C:\Program Files\Java\jdk1.8.0_221\jre\bin\api-ms-win-core-sysinfo-l1-1-0.dll
0x000000001c240000 - 0x000000001c243000 	C:\Program Files\Java\jdk1.8.0_221\jre\bin\api-ms-win-core-timezone-l1-1-0.dll
0x000000001c250000 - 0x000000001c253000 	C:\Program Files\Java\jdk1.8.0_221\jre\bin\api-ms-win-core-util-l1-1-0.dll
0x000000001c260000 - 0x000000001c263000 	C:\Program Files\Java\jdk1.8.0_221\jre\bin\api-ms-win-crt-conio-l1-1-0.dll
0x000000001c270000 - 0x000000001c274000 	C:\Program Files\Java\jdk1.8.0_221\jre\bin\api-ms-win-crt-convert-l1-1-0.dll
0x000000001c280000 - 0x000000001c283000 	C:\Program Files\Java\jdk1.8.0_221\jre\bin\api-ms-win-crt-environment-l1-1-0.dll
0x000000001c290000 - 0x000000001c293000 	C:\Program Files\Java\jdk1.8.0_221\jre\bin\api-ms-win-crt-filesystem-l1-1-0.dll
0x000000001c2a0000 - 0x000000001c2a3000 	C:\Program Files\Java\jdk1.8.0_221\jre\bin\api-ms-win-crt-heap-l1-1-0.dll
0x000000001c2b0000 - 0x000000001c2b3000 	C:\Program Files\Java\jdk1.8.0_221\jre\bin\api-ms-win-crt-locale-l1-1-0.dll
0x000000001c2c0000 - 0x000000001c2c5000 	C:\Program Files\Java\jdk1.8.0_221\jre\bin\api-ms-win-crt-math-l1-1-0.dll
0x000000001c2d0000 - 0x000000001c2d5000 	C:\Program Files\Java\jdk1.8.0_221\jre\bin\api-ms-win-crt-multibyte-l1-1-0.dll
0x000000001c2e0000 - 0x000000001c2f0000 	C:\Program Files\Java\jdk1.8.0_221\jre\bin\api-ms-win-crt-private-l1-1-0.dll
0x000000001c2f0000 - 0x000000001c2f3000 	C:\Program Files\Java\jdk1.8.0_221\jre\bin\api-ms-win-crt-process-l1-1-0.dll
0x000000001c300000 - 0x000000001c304000 	C:\Program Files\Java\jdk1.8.0_221\jre\bin\api-ms-win-crt-runtime-l1-1-0.dll
0x000000001c310000 - 0x000000001c314000 	C:\Program Files\Java\jdk1.8.0_221\jre\bin\api-ms-win-crt-stdio-l1-1-0.dll
0x000000001c320000 - 0x000000001c324000 	C:\Program Files\Java\jdk1.8.0_221\jre\bin\api-ms-win-crt-string-l1-1-0.dll
0x000000001c330000 - 0x000000001c333000 	C:\Program Files\Java\jdk1.8.0_221\jre\bin\api-ms-win-crt-time-l1-1-0.dll
0x000000001c340000 - 0x000000001c343000 	C:\Program Files\Java\jdk1.8.0_221\jre\bin\api-ms-win-crt-utility-l1-1-0.dll
0x00007ff954d80000 - 0x00007ff954e76000 	C:\Program Files\Java\jdk1.8.0_221\jre\bin\ucrtbase.dll
0x00007ff9585c0000 - 0x00007ff9585d6000 	C:\Program Files\Java\jdk1.8.0_221\jre\bin\vcruntime140.dll
0x00007ff94fe30000 - 0x00007ff94feda000 	C:\Program Files\Java\jdk1.8.0_221\jre\bin\msvcp140.dll
0x00007ff952170000 - 0x00007ff9521c4000 	C:\Program Files\Java\jdk1.8.0_221\jre\bin\concrt140.dll
0x00007ff957750000 - 0x00007ff957773000 	C:\Program Files\Java\jdk1.8.0_221\jre\bin\prism_d3d.dll
0x00007ff979e90000 - 0x00007ff97a057000 	C:\Windows\system32\d3d9.dll
0x00007ff986a20000 - 0x00007ff986a4d000 	C:\Windows\SYSTEM32\dwmapi.dll
0x00007ff9872e0000 - 0x00007ff987300000 	C:\Windows\SYSTEM32\dxcore.dll
0x00007ff985e00000 - 0x00007ff985e99000 	C:\Windows\system32\uxtheme.dll
0x00007ff94a010000 - 0x00007ff94a282000 	C:\WINDOWS\System32\DriverStore\FileRepository\igdlh64.inf_amd64_24de78387e6208e4\igdumdim64.dll
0x00007ff919760000 - 0x00007ff91cc57000 	C:\WINDOWS\System32\DriverStore\FileRepository\igdlh64.inf_amd64_24de78387e6208e4\igd9dxva64.dll
0x00007ff98b1f0000 - 0x00007ff98b346000 	C:\Windows\System32\ole32.dll
0x00007ff98b050000 - 0x00007ff98b114000 	C:\Windows\System32\OLEAUT32.dll
0x00007ff9513e0000 - 0x00007ff951429000 	C:\Program Files\Java\jdk1.8.0_221\jre\bin\glass.dll
0x00007ff989a00000 - 0x00007ff989ad0000 	C:\Windows\System32\COMDLG32.dll
0x00007ff9898c0000 - 0x00007ff9899f6000 	C:\Windows\System32\MSCTF.dll
0x00007ff976860000 - 0x00007ff976881000 	C:\WINDOWS\System32\DriverStore\FileRepository\igdlh64.inf_amd64_24de78387e6208e4\igdinfo64.dll
0x00007ff97a0d0000 - 0x00007ff97c035000 	C:\WINDOWS\System32\DriverStore\FileRepository\igdlh64.inf_amd64_24de78387e6208e4\igc64.dll
0x00007ff958230000 - 0x00007ff958244000 	C:\Program Files\Java\jdk1.8.0_221\jre\bin\javafx_font.dll
0x00007ff96e930000 - 0x00007ff96ec2e000 	C:\Windows\SYSTEM32\dwrite.dll
0x00007ff987a50000 - 0x00007ff987a83000 	C:\Windows\system32\rsaenh.dll
0x00007ff989270000 - 0x00007ff989296000 	C:\Windows\System32\bcrypt.dll
0x00007ff988590000 - 0x00007ff9885b5000 	C:\Windows\SYSTEM32\USERENV.dll
0x00007ff9880b0000 - 0x00007ff9880bc000 	C:\Windows\SYSTEM32\CRYPTBASE.dll
0x00007ff982210000 - 0x00007ff98222a000 	C:\Program Files\Java\jdk1.8.0_221\jre\bin\net.dll
0x00007ff9760c0000 - 0x00007ff976296000 	C:\Windows\SYSTEM32\urlmon.dll
0x00007ff976530000 - 0x00007ff9767d6000 	C:\Windows\SYSTEM32\iertutil.dll
0x00007ff987ee0000 - 0x00007ff987f47000 	C:\Windows\system32\mswsock.dll
0x00007ff987bf0000 - 0x00007ff987c2a000 	C:\Windows\SYSTEM32\IPHLPAPI.DLL
0x00007ff9898b0000 - 0x00007ff9898b8000 	C:\Windows\System32\NSI.dll
0x00007ff97fcf0000 - 0x00007ff97fd06000 	C:\Windows\SYSTEM32\dhcpcsvc6.DLL
0x00007ff9811b0000 - 0x00007ff9811cc000 	C:\Windows\SYSTEM32\dhcpcsvc.DLL
0x00007ff987c30000 - 0x00007ff987cfa000 	C:\Windows\SYSTEM32\DNSAPI.dll
0x00007ff981cf0000 - 0x00007ff981d02000 	C:\Program Files\Java\jdk1.8.0_221\jre\bin\nio.dll
0x00007ff9577a0000 - 0x00007ff9577cc000 	C:\Program Files\Java\jdk1.8.0_221\jre\bin\javafx_iio.dll
0x00007ff98acd0000 - 0x00007ff98ad72000 	C:\Windows\System32\clbcatq.dll
0x00007ff97eb30000 - 0x00007ff97ecdf000 	C:\Windows\SYSTEM32\WindowsCodecs.dll
0x00007ff96bcf0000 - 0x00007ff96bd2a000 	C:\Windows\system32\dataexchange.dll
0x00007ff985450000 - 0x00007ff98562b000 	C:\Windows\system32\dcomp.dll
0x00007ff984d90000 - 0x00007ff984feb000 	C:\Windows\system32\d3d11.dll
0x00007ff987370000 - 0x00007ff98745b000 	C:\Windows\system32\dxgi.dll
0x00007ff9866d0000 - 0x00007ff98692a000 	C:\Windows\system32\twinapi.appcore.dll
0x00007ff986b30000 - 0x00007ff986b59000 	C:\Windows\system32\RMCLIENT.dll
0x00007ff9586c0000 - 0x00007ff9586f3000 	C:\Program Files\Common Files\Microsoft Shared\Ink\rtscom.dll
0x00007ff9763d0000 - 0x00007ff97646e000 	C:\Windows\System32\TextInputFramework.dll
0x00007ff9859a0000 - 0x00007ff985a74000 	C:\Windows\System32\CoreMessaging.dll
0x00007ff97f190000 - 0x00007ff97f4ba000 	C:\Windows\System32\CoreUIComponents.dll
0x00007ff9876d0000 - 0x00007ff987701000 	C:\Windows\SYSTEM32\ntmarta.dll
0x00007ff983d50000 - 0x00007ff983ea3000 	C:\Windows\SYSTEM32\wintypes.dll

VM Arguments:
java_command: C:\Users\Ananda\OneDrive\Documents\NetBeansProjects\weBook\target/RPLProject-1.0-SNAPSHOT.jar
java_class_path (initial): C:\Users\Ananda\OneDrive\Documents\NetBeansProjects\weBook\target/RPLProject-1.0-SNAPSHOT.jar
Launcher Type: SUN_STANDARD

Environment Variables:
JAVA_HOME=C:\Program Files\Java\jdk1.8.0_221
PATH=C:\Program Files (x86)\Common Files\Oracle\Java\javapath;C:\Program Files (x86)\Intel\iCLS Client\;C:\Program Files\Intel\iCLS Client\;C:\Windows\system32;C:\Windows;C:\Windows\System32\Wbem;C:\Windows\System32\WindowsPowerShell\v1.0\;C:\Windows\System32\OpenSSH\;C:\Program Files (x86)\Intel\Intel(R) Management Engine Components\DAL;C:\Program Files\Intel\Intel(R) Management Engine Components\DAL;C:\Program Files (x86)\Intel\Intel(R) Management Engine Components\IPT;C:\Program Files\Intel\Intel(R) Management Engine Components\IPT;C:\Program Files (x86)\NVIDIA Corporation\PhysX\Common;C:\Program Files\NVIDIA Corporation\NVIDIA NvDLISR;C:\Windows\system32;C:\Windows;C:\Windows\System32\Wbem;C:\Windows\System32\WindowsPowerShell\v1.0\;C:\Windows\System32\OpenSSH\;C:\Program Files\Git\cmd;C:\Users\Ananda\AppData\Local\Microsoft\WindowsApps;C:\Users\Ananda\AppData\Local\Programs\Microsoft VS Code\bin;C:\Program Files\JetBrains\IntelliJ IDEA Community Edition 2019.1.2\bin;;C:\Program Files\gradle-5.4.1-bin\gradle-5.4.1\bin;C:\Program Files\Java\jdk1.8.0_221\bin;
USERNAME=Ananda
OS=Windows_NT
PROCESSOR_IDENTIFIER=Intel64 Family 6 Model 142 Stepping 9, GenuineIntel



---------------  S Y S T E M  ---------------

OS: Windows 10.0 , 64 bit Build 18362 (10.0.18362.329)

CPU:total 4 (initial active 4) (2 cores per cpu, 2 threads per core) family 6 model 142 stepping 9, cmov, cx8, fxsr, mmx, sse, sse2, sse3, ssse3, sse4.1, sse4.2, popcnt, avx, avx2, aes, clmul, erms, 3dnowpref, lzcnt, ht, tsc, tscinvbit, bmi1, bmi2, adx

Memory: 4k page, physical 12460568k(4909012k free), swap 15868440k(4332052k free)

vm_info: Java HotSpot(TM) 64-Bit Server VM (25.221-b11) for windows-amd64 JRE (1.8.0_221-b11), built on Jul  4 2019 04:39:29 by "java_re" with MS VC++ 10.0 (VS2010)

time: Thu Nov 07 16:41:46 2019
timezone: SE Asia Standard Time
elapsed time: 8 seconds (0d 0h 0m 8s)

