#
# A fatal error has been detected by the Java Runtime Environment:
#
#  EXCEPTION_ACCESS_VIOLATION (0xc0000005) at pc=0x0000000070806042, pid=740, tid=0x0000000000002090
#
# JRE version: Java(TM) SE Runtime Environment (8.0_221-b11) (build 1.8.0_221-b11)
# Java VM: Java HotSpot(TM) 64-Bit Server VM (25.221-b11 mixed mode windows-amd64 compressed oops)
# Problematic frame:
# V  [jvm.dll+0x146042]
#
# Failed to write core dump. Minidumps are not enabled by default on client versions of Windows
#
# If you would like to submit a bug report, please visit:
#   http://bugreport.java.com/bugreport/crash.jsp
#

---------------  T H R E A D  ---------------

Current thread (0x0000000019043800):  JavaThread "JavaFX Application Thread" [_thread_in_vm, id=8336, stack(0x0000000019880000,0x0000000019980000)]

siginfo: ExceptionCode=0xc0000005, reading address 0x0000000000000000

Registers:
RAX=0x0000000000000000, RBX=0x0000000019043800, RCX=0x0000000000000380, RDX=0x0000000000000000
RSP=0x000000001997ca70, RBP=0x0000000000000000, RSI=0x0000000000000000, RDI=0x0000000000000000
R8 =0x0000000000000000, R9 =0x00000000d74836d0, R10=0x0000000000000074, R11=0x0000000070ed7940
R12=0x000000001ef18f18, R13=0x000000002206b408, R14=0x000000001997cc08, R15=0x0000000019043800
RIP=0x0000000070806042, EFLAGS=0x0000000000010202

Top of Stack: (sp=0x000000001997ca70)
0x000000001997ca70:   000000000278835d 00000000d7484098
0x000000001997ca80:   00000000d74840f8 000000001997ca88
0x000000001997ca90:   0000000019043800 0000000000000000
0x000000001997caa0:   0000000022102c40 0000000000000000
0x000000001997cab0:   00000000220f45f8 0000000000000000
0x000000001997cac0:   000000001997cad8 000000001997cb38
0x000000001997cad0:   000000000278835d 00000000190439f8
0x000000001997cae0:   0000000000000000 000000006be4204d
0x000000001997caf0:   000000001997cc08 000000000000000a
0x000000001997cb00:   00000000220f25d9 00000000190439f8
0x000000001997cb10:   00000000221010d0 0000000000000000
0x000000001997cb20:   00000000220f2608 0000000000000000
0x000000001997cb30:   000000002206b410 0000000050200021
0x000000001997cb40:   000000000000000a 000000001997cbe0
0x000000001997cb50:   0000000000000000 00000000027997db
0x000000001997cb60:   00000000220efe2a 000000001997cbb0 

Instructions: (pc=0x0000000070806042)
0x0000000070806022:   89 5c 24 20 48 89 74 24 28 48 39 73 08 74 0a 48
0x0000000070806032:   8d 4c 24 20 e8 95 8c 13 00 40 38 35 fe 08 6d 00
0x0000000070806042:   48 8b 3f 48 63 05 48 68 6b 00 74 1b 8b 0c 38 85
0x0000000070806052:   c9 74 7c 8b c1 8b 0d fb 37 66 00 48 d3 e0 48 03 


Register to memory mapping:

RAX=0x0000000000000000 is an unknown value
RBX=0x0000000019043800 is a thread
RCX=0x0000000000000380 is an unknown value
RDX=0x0000000000000000 is an unknown value
RSP=0x000000001997ca70 is pointing into the stack for thread: 0x0000000019043800
RBP=0x0000000000000000 is an unknown value
RSI=0x0000000000000000 is an unknown value
RDI=0x0000000000000000 is an unknown value
R8 =0x0000000000000000 is an unknown value
R9 =0x00000000d74836d0 is an oop
org.sqlite.core.NativeDB 
 - klass: 'org/sqlite/core/NativeDB'
R10=0x0000000000000074 is an unknown value
R11=0x0000000070ed7940 is an unknown value
R12=0x000000001ef18f18 is an unknown value
R13=0x000000002206b408 is pointing into metadata
R14=0x000000001997cc08 is pointing into the stack for thread: 0x0000000019043800
R15=0x0000000019043800 is a thread


Stack: [0x0000000019880000,0x0000000019980000],  sp=0x000000001997ca70,  free space=1010k
Native frames: (J=compiled Java code, j=interpreted, Vv=VM code, C=native code)

Java frames: (J=compiled Java code, j=interpreted, Vv=VM code)
j  org.sqlite.core.NativeDB.prepare(Ljava/lang/String;)J+0
j  org.sqlite.core.DB.prepare(Lorg/sqlite/core/CoreStatement;)V+21
j  org.sqlite.jdbc3.JDBC3Statement.executeQuery(Ljava/lang/String;)Ljava/sql/ResultSet;+14
j  com.mycompany.rplproject.db.DBUtil.dbExecuteQuery(Ljava/lang/String;)Ljava/sql/ResultSet;+20
j  com.mycompany.rplproject.db.BookmarkDAO.searchBookmark(Ljava/lang/String;Lcom/mycompany/rplproject/User;)Ljava/util/List;+127
j  com.mycompany.rplproject.Home.HomeController$7.handle(Ljavafx/scene/input/MouseEvent;)V+94
j  com.mycompany.rplproject.Home.HomeController$7.handle(Ljavafx/event/Event;)V+5
j  com.sun.javafx.event.CompositeEventHandler.dispatchBubblingEvent(Ljavafx/event/Event;)V+51
J 2470 C1 com.sun.javafx.event.EventHandlerManager.dispatchBubblingEvent(Ljavafx/event/Event;)Ljavafx/event/Event; (23 bytes) @ 0x0000000002eb1a1c [0x0000000002eb13a0+0x67c]
j  com.sun.javafx.event.CompositeEventDispatcher.dispatchBubblingEvent(Ljavafx/event/Event;)Ljavafx/event/Event;+11
J 1923 C1 com.sun.javafx.event.BasicEventDispatcher.dispatchEvent(Ljavafx/event/Event;Ljavafx/event/EventDispatchChain;)Ljavafx/event/Event; (44 bytes) @ 0x0000000002d3643c [0x0000000002d36100+0x33c]
J 1875 C1 com.sun.javafx.event.EventDispatchChainImpl.dispatchEvent(Ljavafx/event/Event;)Ljavafx/event/Event; (101 bytes) @ 0x0000000002d26134 [0x0000000002d25f80+0x1b4]
J 1923 C1 com.sun.javafx.event.BasicEventDispatcher.dispatchEvent(Ljavafx/event/Event;Ljavafx/event/EventDispatchChain;)Ljavafx/event/Event; (44 bytes) @ 0x0000000002d36354 [0x0000000002d36100+0x254]
J 1875 C1 com.sun.javafx.event.EventDispatchChainImpl.dispatchEvent(Ljavafx/event/Event;)Ljavafx/event/Event; (101 bytes) @ 0x0000000002d26134 [0x0000000002d25f80+0x1b4]
J 1923 C1 com.sun.javafx.event.BasicEventDispatcher.dispatchEvent(Ljavafx/event/Event;Ljavafx/event/EventDispatchChain;)Ljavafx/event/Event; (44 bytes) @ 0x0000000002d36354 [0x0000000002d36100+0x254]
J 1875 C1 com.sun.javafx.event.EventDispatchChainImpl.dispatchEvent(Ljavafx/event/Event;)Ljavafx/event/Event; (101 bytes) @ 0x0000000002d26134 [0x0000000002d25f80+0x1b4]
J 1923 C1 com.sun.javafx.event.BasicEventDispatcher.dispatchEvent(Ljavafx/event/Event;Ljavafx/event/EventDispatchChain;)Ljavafx/event/Event; (44 bytes) @ 0x0000000002d36354 [0x0000000002d36100+0x254]
J 1875 C1 com.sun.javafx.event.EventDispatchChainImpl.dispatchEvent(Ljavafx/event/Event;)Ljavafx/event/Event; (101 bytes) @ 0x0000000002d26134 [0x0000000002d25f80+0x1b4]
j  com.sun.javafx.event.EventUtil.fireEventImpl(Ljavafx/event/EventDispatchChain;Ljavafx/event/EventTarget;Ljavafx/event/Event;)Ljavafx/event/Event;+10
j  com.sun.javafx.event.EventUtil.fireEvent(Ljavafx/event/EventTarget;Ljavafx/event/Event;)Ljavafx/event/Event;+46
j  javafx.event.Event.fireEvent(Ljavafx/event/EventTarget;Ljavafx/event/Event;)V+30
j  javafx.scene.Scene$ClickGenerator.postProcess(Ljavafx/scene/input/MouseEvent;Ljavafx/scene/Scene$TargetWrapper;Ljavafx/scene/Scene$TargetWrapper;)V+254
j  javafx.scene.Scene$ClickGenerator.access$8100(Ljavafx/scene/Scene$ClickGenerator;Ljavafx/scene/input/MouseEvent;Ljavafx/scene/Scene$TargetWrapper;Ljavafx/scene/Scene$TargetWrapper;)V+4
j  javafx.scene.Scene$MouseHandler.process(Ljavafx/scene/input/MouseEvent;Z)V+538
j  javafx.scene.Scene$MouseHandler.access$1500(Ljavafx/scene/Scene$MouseHandler;Ljavafx/scene/input/MouseEvent;Z)V+3
j  javafx.scene.Scene.impl_processMouseEvent(Ljavafx/scene/input/MouseEvent;)V+6
j  javafx.scene.Scene$ScenePeerListener.mouseEvent(Ljavafx/event/EventType;DDDDLjavafx/scene/input/MouseButton;ZZZZZZZZZ)V+46
j  com.sun.javafx.tk.quantum.GlassViewEventHandler$MouseEventNotification.run()Ljava/lang/Void;+571
j  com.sun.javafx.tk.quantum.GlassViewEventHandler$MouseEventNotification.run()Ljava/lang/Object;+1
v  ~StubRoutines::call_stub
J 1309  java.security.AccessController.doPrivileged(Ljava/security/PrivilegedAction;Ljava/security/AccessControlContext;)Ljava/lang/Object; (0 bytes) @ 0x0000000002be3ea6 [0x0000000002be3e40+0x66]
j  com.sun.javafx.tk.quantum.GlassViewEventHandler.lambda$handleMouseEvent$2()Ljava/lang/Void;+11
j  com.sun.javafx.tk.quantum.GlassViewEventHandler$$Lambda$204.get()Ljava/lang/Object;+4
j  com.sun.javafx.tk.quantum.QuantumToolkit.runWithoutRenderLock(Ljava/util/function/Supplier;)Ljava/lang/Object;+18
j  com.sun.javafx.tk.quantum.GlassViewEventHandler.handleMouseEvent(Lcom/sun/glass/ui/View;JIIIIIIIZZ)V+103
j  com.sun.glass.ui.View.handleMouseEvent(JIIIIIIIZZ)V+30
j  com.sun.glass.ui.View.notifyMouse(IIIIIIIZZ)V+181
v  ~StubRoutines::call_stub
j  com.sun.glass.ui.win.WinApplication._runLoop(Ljava/lang/Runnable;)V+0
j  com.sun.glass.ui.win.WinApplication.lambda$null$3(ILjava/lang/Runnable;)V+8
j  com.sun.glass.ui.win.WinApplication$$Lambda$37.run()V+12
j  java.lang.Thread.run()V+11
v  ~StubRoutines::call_stub

---------------  P R O C E S S  ---------------

Java Threads: ( => current thread )
  0x000000001e380800 JavaThread "Prism Font Disposer" daemon [_thread_blocked, id=7208, stack(0x00000000203c0000,0x00000000204c0000)]
  0x000000001e2b4000 JavaThread "Thread-3" daemon [_thread_in_native, id=692, stack(0x000000001ea70000,0x000000001eb70000)]
  0x000000001e298800 JavaThread "JavaFX-Launcher" [_thread_blocked, id=11856, stack(0x000000001eb70000,0x000000001ec70000)]
=>0x0000000019043800 JavaThread "JavaFX Application Thread" [_thread_in_vm, id=8336, stack(0x0000000019880000,0x0000000019980000)]
  0x0000000019041000 JavaThread "Thread-1" daemon [_thread_blocked, id=9900, stack(0x0000000019780000,0x0000000019880000)]
  0x0000000019016000 JavaThread "QuantumRenderer-0" daemon [_thread_blocked, id=10596, stack(0x0000000019530000,0x0000000019630000)]
  0x000000001739e800 JavaThread "Service Thread" daemon [_thread_blocked, id=11704, stack(0x00000000190b0000,0x00000000191b0000)]
  0x000000001734d000 JavaThread "C1 CompilerThread2" daemon [_thread_blocked, id=6116, stack(0x0000000018bb0000,0x0000000018cb0000)]
  0x0000000017345800 JavaThread "C2 CompilerThread1" daemon [_thread_in_native, id=11728, stack(0x0000000018ab0000,0x0000000018bb0000)]
  0x0000000017342000 JavaThread "C2 CompilerThread0" daemon [_thread_blocked, id=12148, stack(0x00000000189b0000,0x0000000018ab0000)]
  0x0000000017340800 JavaThread "Attach Listener" daemon [_thread_blocked, id=216, stack(0x00000000188b0000,0x00000000189b0000)]
  0x000000001733d800 JavaThread "Signal Dispatcher" daemon [_thread_blocked, id=7452, stack(0x00000000187b0000,0x00000000188b0000)]
  0x000000000276c800 JavaThread "Finalizer" daemon [_thread_blocked, id=6740, stack(0x00000000185a0000,0x00000000186a0000)]
  0x000000001732a800 JavaThread "Reference Handler" daemon [_thread_blocked, id=6768, stack(0x00000000184a0000,0x00000000185a0000)]
  0x0000000002672800 JavaThread "main" [_thread_blocked, id=11892, stack(0x0000000002550000,0x0000000002650000)]

Other Threads:
  0x0000000017307000 VMThread [stack: 0x00000000183a0000,0x00000000184a0000] [id=1184]
  0x0000000018cfb800 WatcherThread [stack: 0x00000000191b0000,0x00000000192b0000] [id=1468]

VM state:not at safepoint (normal execution)

VM Mutex/Monitor currently owned by a thread: None

heap address: 0x0000000081000000, size: 2032 MB, Compressed Oops mode: 32-bit
Narrow klass base: 0x0000000000000000, Narrow klass shift: 3
Compressed class space size: 1073741824 Address: 0x0000000100000000

Heap:
 PSYoungGen      total 38400K, used 31580K [0x00000000d5b00000, 0x00000000d8580000, 0x0000000100000000)
  eden space 33280K, 79% used [0x00000000d5b00000,0x00000000d74dda80,0x00000000d7b80000)
  from space 5120K, 99% used [0x00000000d7b80000,0x00000000d8079760,0x00000000d8080000)
  to   space 5120K, 0% used [0x00000000d8080000,0x00000000d8080000,0x00000000d8580000)
 ParOldGen       total 87552K, used 1553K [0x0000000081000000, 0x0000000086580000, 0x00000000d5b00000)
  object space 87552K, 1% used [0x0000000081000000,0x0000000081184748,0x0000000086580000)
 Metaspace       used 19742K, capacity 20586K, committed 20736K, reserved 1067008K
  class space    used 2728K, capacity 2947K, committed 3072K, reserved 1048576K

Card table byte_map: [0x0000000011b40000,0x0000000011f40000] byte_map_base: 0x0000000011738000

Marking Bits: (ParMarkBitMap*) 0x0000000070ee5ce0
 Begin Bits: [0x00000000125f0000, 0x00000000145b0000)
 End Bits:   [0x00000000145b0000, 0x0000000016570000)

Polling page: 0x0000000000840000

CodeCache: size=245760Kb used=7404Kb max_used=7404Kb free=238355Kb
 bounds [0x0000000002780000, 0x0000000002ed0000, 0x0000000011780000]
 total_blobs=3171 nmethods=2484 adapters=599
 compilation: enabled

Compilation events (10 events):
Event: 64.660 Thread 0x000000001734d000 2494       3       com.sun.javafx.geom.Path2D$Iterator::isDone (20 bytes)
Event: 64.660 Thread 0x000000001734d000 nmethod 2494 0x0000000002eb5e50 code [0x0000000002eb5fa0, 0x0000000002eb6150]
Event: 64.724 Thread 0x000000001734d000 2495       3       com.sun.javafx.geom.Vec3d::length (33 bytes)
Event: 64.725 Thread 0x000000001734d000 nmethod 2495 0x0000000002eb5a90 code [0x0000000002eb5be0, 0x0000000002eb5d70]
Event: 64.725 Thread 0x000000001734d000 2496       1       javafx.scene.Scene::isDepthBuffer (5 bytes)
Event: 64.725 Thread 0x000000001734d000 nmethod 2496 0x0000000002eb46d0 code [0x0000000002eb4820, 0x0000000002eb4930]
Event: 64.725 Thread 0x000000001734d000 2497       3       javafx.scene.Node::sceneToLocal0 (46 bytes)
Event: 64.726 Thread 0x000000001734d000 nmethod 2497 0x0000000002ebe010 code [0x0000000002ebe2c0, 0x0000000002ebfb78]
Event: 64.726 Thread 0x000000001734d000 2498       3       java.util.ArrayList::contains (14 bytes)
Event: 64.726 Thread 0x000000001734d000 nmethod 2498 0x0000000002ebb050 code [0x0000000002ebb1c0, 0x0000000002ebb428]

GC Heap History (2 events):
Event: 1.251 GC heap before
{Heap before GC invocations=1 (full 0):
 PSYoungGen      total 38400K, used 33280K [0x00000000d5b00000, 0x00000000d8580000, 0x0000000100000000)
  eden space 33280K, 100% used [0x00000000d5b00000,0x00000000d7b80000,0x00000000d7b80000)
  from space 5120K, 0% used [0x00000000d8080000,0x00000000d8080000,0x00000000d8580000)
  to   space 5120K, 0% used [0x00000000d7b80000,0x00000000d7b80000,0x00000000d8080000)
 ParOldGen       total 87552K, used 0K [0x0000000081000000, 0x0000000086580000, 0x00000000d5b00000)
  object space 87552K, 0% used [0x0000000081000000,0x0000000081000000,0x0000000086580000)
 Metaspace       used 15145K, capacity 15702K, committed 15872K, reserved 1062912K
  class space    used 2103K, capacity 2297K, committed 2304K, reserved 1048576K
Event: 1.258 GC heap after
Heap after GC invocations=1 (full 0):
 PSYoungGen      total 38400K, used 5093K [0x00000000d5b00000, 0x00000000d8580000, 0x0000000100000000)
  eden space 33280K, 0% used [0x00000000d5b00000,0x00000000d5b00000,0x00000000d7b80000)
  from space 5120K, 99% used [0x00000000d7b80000,0x00000000d8079760,0x00000000d8080000)
  to   space 5120K, 0% used [0x00000000d8080000,0x00000000d8080000,0x00000000d8580000)
 ParOldGen       total 87552K, used 1553K [0x0000000081000000, 0x0000000086580000, 0x00000000d5b00000)
  object space 87552K, 1% used [0x0000000081000000,0x0000000081184748,0x0000000086580000)
 Metaspace       used 15145K, capacity 15702K, committed 15872K, reserved 1062912K
  class space    used 2103K, capacity 2297K, committed 2304K, reserved 1048576K
}

Deoptimization events (10 events):
Event: 61.786 Thread 0x0000000019043800 Uncommon trap: reason=unstable_if action=reinterpret pc=0x0000000002bfa9c0 method=java.util.WeakHashMap.expungeStaleEntries()V @ 9
Event: 61.789 Thread 0x0000000019043800 Uncommon trap: reason=unstable_if action=reinterpret pc=0x00000000029d7dd0 method=java.lang.AbstractStringBuilder.append(Ljava/lang/String;)Ljava/lang/AbstractStringBuilder; @ 1
Event: 61.842 Thread 0x0000000019043800 Uncommon trap: reason=unstable_if action=reinterpret pc=0x0000000002d64fc4 method=org.sqlite.SQLiteJDBCLoader.contentsEquals(Ljava/io/InputStream;Ljava/io/InputStream;)Z @ 39
Event: 61.881 Thread 0x0000000019043800 Uncommon trap: reason=class_check action=maybe_recompile pc=0x0000000002b7b770 method=java.io.FilterInputStream.read()I @ 4
Event: 61.881 Thread 0x0000000019043800 Uncommon trap: reason=class_check action=maybe_recompile pc=0x0000000002b7b770 method=java.io.FilterInputStream.read()I @ 4
Event: 61.881 Thread 0x0000000019043800 Uncommon trap: reason=class_check action=maybe_recompile pc=0x0000000002b7b770 method=java.io.FilterInputStream.read()I @ 4
Event: 61.881 Thread 0x0000000019043800 Uncommon trap: reason=class_check action=maybe_recompile pc=0x0000000002b7b770 method=java.io.FilterInputStream.read()I @ 4
Event: 61.911 Thread 0x0000000019043800 Uncommon trap: reason=unstable_if action=reinterpret pc=0x0000000002d8e774 method=com.sun.javafx.image.impl.ByteGrayAlpha$ToByteGrayAlphaPreConv.doConvert([BII[BIIII)V @ 31
Event: 61.912 Thread 0x0000000019043800 Uncommon trap: reason=unstable_if action=reinterpret pc=0x0000000002d8b89c method=com.sun.javafx.image.impl.ByteGrayAlpha$ToByteBgraSameConv.doConvert([BII[BIIII)V @ 31
Event: 62.109 Thread 0x0000000019041000 Uncommon trap: reason=unstable_if action=reinterpret pc=0x0000000002cd67c4 method=java.util.concurrent.LinkedBlockingDeque.unlinkFirst()Ljava/lang/Object; @ 37

Classes redefined (0 events):
No events

Internal exceptions (10 events):
Event: 0.202 Thread 0x0000000002672800 Exception <a 'java/security/PrivilegedActionException'> (0x00000000d5dc4180) thrown at [C:\re\workspace\8-2-build-windows-amd64-cygwin\jdk8u221\13320\hotspot\src\share\vm\prims\jvm.cpp, line 1502]
Event: 0.203 Thread 0x0000000002672800 Exception <a 'java/lang/NullPointerException'> (0x00000000d5dc4758) thrown at [C:\re\workspace\8-2-build-windows-amd64-cygwin\jdk8u221\13320\hotspot\src\share\vm\interpreter\linkResolver.cpp, line 1185]
Event: 0.550 Thread 0x0000000019043800 Exception <a 'java/lang/NullPointerException'> (0x00000000d6884808) thrown at [C:\re\workspace\8-2-build-windows-amd64-cygwin\jdk8u221\13320\hotspot\src\share\vm\interpreter\linkResolver.cpp, line 1185]
Event: 0.550 Thread 0x0000000019043800 Exception <a 'java/lang/NullPointerException'> (0x00000000d6884808) thrown at [C:\re\workspace\8-2-build-windows-amd64-cygwin\jdk8u221\13320\hotspot\src\share\vm\prims\jvm.cpp, line 1506]
Event: 0.811 Thread 0x0000000019043800 Exception <a 'java/lang/ArrayIndexOutOfBoundsException': 18> (0x00000000d6ba3810) thrown at [C:\re\workspace\8-2-build-windows-amd64-cygwin\jdk8u221\13320\hotspot\src\share\vm\interpreter\interpreterRuntime.cpp, line 368]
Event: 0.811 Thread 0x0000000019043800 Exception <a 'java/lang/ArrayIndexOutOfBoundsException': 84> (0x00000000d6ba4ae0) thrown at [C:\re\workspace\8-2-build-windows-amd64-cygwin\jdk8u221\13320\hotspot\src\share\vm\interpreter\interpreterRuntime.cpp, line 368]
Event: 0.814 Thread 0x0000000019043800 Exception <a 'java/lang/ArrayIndexOutOfBoundsException'> (0x00000000d6bcbea8) thrown at [C:\re\workspace\8-2-build-windows-amd64-cygwin\jdk8u221\13320\hotspot\src\share\vm\runtime\sharedRuntime.cpp, line 605]
Event: 0.873 Thread 0x0000000019043800 Exception <a 'java/lang/ArrayIndexOutOfBoundsException'> (0x00000000d6d06dc0) thrown at [C:\re\workspace\8-2-build-windows-amd64-cygwin\jdk8u221\13320\hotspot\src\share\vm\runtime\sharedRuntime.cpp, line 605]
Event: 0.873 Thread 0x0000000019043800 Exception <a 'java/lang/ArrayIndexOutOfBoundsException'> (0x00000000d6d083e0) thrown at [C:\re\workspace\8-2-build-windows-amd64-cygwin\jdk8u221\13320\hotspot\src\share\vm\runtime\sharedRuntime.cpp, line 605]
Event: 61.789 Thread 0x0000000019043800 Implicit null exception at 0x00000000029d7a16 to 0x00000000029d7db9

Events (10 events):
Event: 62.173 loading class com/sun/scenario/effect/impl/BufferUtil
Event: 62.173 loading class com/sun/scenario/effect/impl/BufferUtil done
Event: 62.202 Executing VM operation: RevokeBias
Event: 62.202 Executing VM operation: RevokeBias done
Event: 62.202 Executing VM operation: RevokeBias
Event: 62.202 Executing VM operation: RevokeBias done
Event: 62.245 Executing VM operation: RevokeBias
Event: 62.245 Executing VM operation: RevokeBias done
Event: 62.245 Executing VM operation: RevokeBias
Event: 62.245 Executing VM operation: RevokeBias done


Dynamic libraries:
0x00007ff60a8f0000 - 0x00007ff60a927000 	C:\Program Files\Java\jdk1.8.0_221\jre\bin\java.exe
0x00007ffcf53c0000 - 0x00007ffcf55b0000 	C:\Windows\SYSTEM32\ntdll.dll
0x00007ffcf4410000 - 0x00007ffcf44c2000 	C:\Windows\System32\KERNEL32.DLL
0x00007ffcf2670000 - 0x00007ffcf2913000 	C:\Windows\System32\KERNELBASE.dll
0x00007ffcf4f30000 - 0x00007ffcf4fd3000 	C:\Windows\System32\ADVAPI32.dll
0x00007ffcf4ce0000 - 0x00007ffcf4d7e000 	C:\Windows\System32\msvcrt.dll
0x00007ffcf3fd0000 - 0x00007ffcf4067000 	C:\Windows\System32\sechost.dll
0x00007ffcf3b70000 - 0x00007ffcf3c90000 	C:\Windows\System32\RPCRT4.dll
0x00007ffcf4120000 - 0x00007ffcf42b4000 	C:\Windows\System32\USER32.dll
0x00007ffcf24c0000 - 0x00007ffcf24e1000 	C:\Windows\System32\win32u.dll
0x00007ffcf5200000 - 0x00007ffcf5226000 	C:\Windows\System32\GDI32.dll
0x00007ffcf2a70000 - 0x00007ffcf2c04000 	C:\Windows\System32\gdi32full.dll
0x00007ffcf25d0000 - 0x00007ffcf266e000 	C:\Windows\System32\msvcp_win.dll
0x00007ffcf2350000 - 0x00007ffcf244a000 	C:\Windows\System32\ucrtbase.dll
0x00007ffce5d30000 - 0x00007ffce5fb5000 	C:\Windows\WinSxS\amd64_microsoft.windows.common-controls_6595b64144ccf1df_6.0.18362.476_none_e6c4b11b130f2595\COMCTL32.dll
0x00007ffcf3c90000 - 0x00007ffcf3fc6000 	C:\Windows\System32\combase.dll
0x00007ffcf2550000 - 0x00007ffcf25d0000 	C:\Windows\System32\bcryptPrimitives.dll
0x00007ffcf44d0000 - 0x00007ffcf44fe000 	C:\Windows\System32\IMM32.DLL
0x0000000071ba0000 - 0x0000000071c72000 	C:\Program Files\Java\jdk1.8.0_221\jre\bin\msvcr100.dll
0x00000000706c0000 - 0x0000000070f65000 	C:\Program Files\Java\jdk1.8.0_221\jre\bin\server\jvm.dll
0x00007ffcf4cd0000 - 0x00007ffcf4cd8000 	C:\Windows\System32\PSAPI.DLL
0x00007ffceede0000 - 0x00007ffceee04000 	C:\Windows\SYSTEM32\WINMM.dll
0x00007ffceefb0000 - 0x00007ffceefb9000 	C:\Windows\SYSTEM32\WSOCK32.dll
0x00007ffceb5f0000 - 0x00007ffceb5fa000 	C:\Windows\SYSTEM32\VERSION.dll
0x00007ffcf5190000 - 0x00007ffcf51ff000 	C:\Windows\System32\WS2_32.dll
0x00007ffceedb0000 - 0x00007ffceeddd000 	C:\Windows\SYSTEM32\winmmbase.dll
0x00007ffcf2470000 - 0x00007ffcf24ba000 	C:\Windows\System32\cfgmgr32.dll
0x00007ffceefa0000 - 0x00007ffceefaf000 	C:\Program Files\Java\jdk1.8.0_221\jre\bin\verify.dll
0x00007ffceef10000 - 0x00007ffceef39000 	C:\Program Files\Java\jdk1.8.0_221\jre\bin\java.dll
0x00007ffceeae0000 - 0x00007ffceeaf6000 	C:\Program Files\Java\jdk1.8.0_221\jre\bin\zip.dll
0x00007ffcf3480000 - 0x00007ffcf3b65000 	C:\Windows\System32\SHELL32.dll
0x00007ffcf4070000 - 0x00007ffcf4119000 	C:\Windows\System32\shcore.dll
0x00007ffcf2c10000 - 0x00007ffcf338e000 	C:\Windows\System32\windows.storage.dll
0x00007ffcf22e0000 - 0x00007ffcf22ff000 	C:\Windows\System32\profapi.dll
0x00007ffcf2300000 - 0x00007ffcf234a000 	C:\Windows\System32\powrprof.dll
0x00007ffcf2290000 - 0x00007ffcf22a0000 	C:\Windows\System32\UMPDC.dll
0x00007ffcf4c70000 - 0x00007ffcf4cc2000 	C:\Windows\System32\shlwapi.dll
0x00007ffcf22a0000 - 0x00007ffcf22b1000 	C:\Windows\System32\kernel.appcore.dll
0x00007ffcf2450000 - 0x00007ffcf2467000 	C:\Windows\System32\cryptsp.dll
0x00000000192b0000 - 0x00000000192b3000 	C:\Program Files\Java\jdk1.8.0_221\jre\bin\api-ms-win-core-console-l1-1-0.dll
0x00000000192c0000 - 0x00000000192c3000 	C:\Program Files\Java\jdk1.8.0_221\jre\bin\api-ms-win-core-datetime-l1-1-0.dll
0x00000000192d0000 - 0x00000000192d3000 	C:\Program Files\Java\jdk1.8.0_221\jre\bin\api-ms-win-core-debug-l1-1-0.dll
0x00000000192e0000 - 0x00000000192e3000 	C:\Program Files\Java\jdk1.8.0_221\jre\bin\api-ms-win-core-errorhandling-l1-1-0.dll
0x00000000192f0000 - 0x00000000192f4000 	C:\Program Files\Java\jdk1.8.0_221\jre\bin\api-ms-win-core-file-l1-1-0.dll
0x0000000019300000 - 0x0000000019303000 	C:\Program Files\Java\jdk1.8.0_221\jre\bin\api-ms-win-core-file-l1-2-0.dll
0x0000000019310000 - 0x0000000019313000 	C:\Program Files\Java\jdk1.8.0_221\jre\bin\api-ms-win-core-file-l2-1-0.dll
0x0000000019320000 - 0x0000000019323000 	C:\Program Files\Java\jdk1.8.0_221\jre\bin\api-ms-win-core-handle-l1-1-0.dll
0x0000000019330000 - 0x0000000019333000 	C:\Program Files\Java\jdk1.8.0_221\jre\bin\api-ms-win-core-heap-l1-1-0.dll
0x0000000019340000 - 0x0000000019343000 	C:\Program Files\Java\jdk1.8.0_221\jre\bin\api-ms-win-core-interlocked-l1-1-0.dll
0x0000000019350000 - 0x0000000019353000 	C:\Program Files\Java\jdk1.8.0_221\jre\bin\api-ms-win-core-libraryloader-l1-1-0.dll
0x0000000019360000 - 0x0000000019363000 	C:\Program Files\Java\jdk1.8.0_221\jre\bin\api-ms-win-core-localization-l1-2-0.dll
0x0000000019370000 - 0x0000000019373000 	C:\Program Files\Java\jdk1.8.0_221\jre\bin\api-ms-win-core-memory-l1-1-0.dll
0x0000000019380000 - 0x0000000019383000 	C:\Program Files\Java\jdk1.8.0_221\jre\bin\api-ms-win-core-namedpipe-l1-1-0.dll
0x0000000019390000 - 0x0000000019393000 	C:\Program Files\Java\jdk1.8.0_221\jre\bin\api-ms-win-core-processenvironment-l1-1-0.dll
0x00000000193a0000 - 0x00000000193a3000 	C:\Program Files\Java\jdk1.8.0_221\jre\bin\api-ms-win-core-processthreads-l1-1-0.dll
0x00000000193b0000 - 0x00000000193b3000 	C:\Program Files\Java\jdk1.8.0_221\jre\bin\api-ms-win-core-processthreads-l1-1-1.dll
0x00000000193c0000 - 0x00000000193c3000 	C:\Program Files\Java\jdk1.8.0_221\jre\bin\api-ms-win-core-profile-l1-1-0.dll
0x00000000193d0000 - 0x00000000193d3000 	C:\Program Files\Java\jdk1.8.0_221\jre\bin\api-ms-win-core-rtlsupport-l1-1-0.dll
0x00000000193e0000 - 0x00000000193e3000 	C:\Program Files\Java\jdk1.8.0_221\jre\bin\api-ms-win-core-string-l1-1-0.dll
0x00000000193f0000 - 0x00000000193f3000 	C:\Program Files\Java\jdk1.8.0_221\jre\bin\api-ms-win-core-synch-l1-1-0.dll
0x0000000019400000 - 0x0000000019403000 	C:\Program Files\Java\jdk1.8.0_221\jre\bin\api-ms-win-core-synch-l1-2-0.dll
0x0000000019410000 - 0x0000000019413000 	C:\Program Files\Java\jdk1.8.0_221\jre\bin\api-ms-win-core-sysinfo-l1-1-0.dll
0x0000000019420000 - 0x0000000019423000 	C:\Program Files\Java\jdk1.8.0_221\jre\bin\api-ms-win-core-timezone-l1-1-0.dll
0x0000000019430000 - 0x0000000019433000 	C:\Program Files\Java\jdk1.8.0_221\jre\bin\api-ms-win-core-util-l1-1-0.dll
0x0000000019440000 - 0x0000000019443000 	C:\Program Files\Java\jdk1.8.0_221\jre\bin\api-ms-win-crt-conio-l1-1-0.dll
0x0000000019450000 - 0x0000000019454000 	C:\Program Files\Java\jdk1.8.0_221\jre\bin\api-ms-win-crt-convert-l1-1-0.dll
0x0000000019460000 - 0x0000000019463000 	C:\Program Files\Java\jdk1.8.0_221\jre\bin\api-ms-win-crt-environment-l1-1-0.dll
0x0000000019470000 - 0x0000000019473000 	C:\Program Files\Java\jdk1.8.0_221\jre\bin\api-ms-win-crt-filesystem-l1-1-0.dll
0x0000000019480000 - 0x0000000019483000 	C:\Program Files\Java\jdk1.8.0_221\jre\bin\api-ms-win-crt-heap-l1-1-0.dll
0x0000000019490000 - 0x0000000019493000 	C:\Program Files\Java\jdk1.8.0_221\jre\bin\api-ms-win-crt-locale-l1-1-0.dll
0x00000000194a0000 - 0x00000000194a5000 	C:\Program Files\Java\jdk1.8.0_221\jre\bin\api-ms-win-crt-math-l1-1-0.dll
0x00000000194b0000 - 0x00000000194b5000 	C:\Program Files\Java\jdk1.8.0_221\jre\bin\api-ms-win-crt-multibyte-l1-1-0.dll
0x00000000194c0000 - 0x00000000194d0000 	C:\Program Files\Java\jdk1.8.0_221\jre\bin\api-ms-win-crt-private-l1-1-0.dll
0x00000000194d0000 - 0x00000000194d3000 	C:\Program Files\Java\jdk1.8.0_221\jre\bin\api-ms-win-crt-process-l1-1-0.dll
0x00000000194e0000 - 0x00000000194e4000 	C:\Program Files\Java\jdk1.8.0_221\jre\bin\api-ms-win-crt-runtime-l1-1-0.dll
0x00000000194f0000 - 0x00000000194f4000 	C:\Program Files\Java\jdk1.8.0_221\jre\bin\api-ms-win-crt-stdio-l1-1-0.dll
0x0000000019500000 - 0x0000000019504000 	C:\Program Files\Java\jdk1.8.0_221\jre\bin\api-ms-win-crt-string-l1-1-0.dll
0x0000000019510000 - 0x0000000019513000 	C:\Program Files\Java\jdk1.8.0_221\jre\bin\api-ms-win-crt-time-l1-1-0.dll
0x0000000019520000 - 0x0000000019523000 	C:\Program Files\Java\jdk1.8.0_221\jre\bin\api-ms-win-crt-utility-l1-1-0.dll
0x00007ffcdc990000 - 0x00007ffcdca86000 	C:\Program Files\Java\jdk1.8.0_221\jre\bin\ucrtbase.dll
0x00007ffcee050000 - 0x00007ffcee066000 	C:\Program Files\Java\jdk1.8.0_221\jre\bin\vcruntime140.dll
0x00007ffcdc8e0000 - 0x00007ffcdc98a000 	C:\Program Files\Java\jdk1.8.0_221\jre\bin\msvcp140.dll
0x00007ffcdd890000 - 0x00007ffcdd8e4000 	C:\Program Files\Java\jdk1.8.0_221\jre\bin\concrt140.dll
0x00007ffced6c0000 - 0x00007ffced6e3000 	C:\Program Files\Java\jdk1.8.0_221\jre\bin\prism_d3d.dll
0x00007ffce8070000 - 0x00007ffce8237000 	C:\Windows\system32\d3d9.dll
0x00007ffcf0a30000 - 0x00007ffcf0a5d000 	C:\Windows\SYSTEM32\dwmapi.dll
0x00007ffcf0f00000 - 0x00007ffcf0f20000 	C:\Windows\SYSTEM32\dxcore.dll
0x00007ffcf0520000 - 0x00007ffcf05b9000 	C:\Windows\system32\uxtheme.dll
0x00007ffcb3fc0000 - 0x00007ffcb64fd000 	C:\Windows\SYSTEM32\igdumdim64.dll
0x00007ffcf42c0000 - 0x00007ffcf4384000 	C:\Windows\System32\OLEAUT32.dll
0x00007ffcf4aa0000 - 0x00007ffcf4bf6000 	C:\Windows\System32\ole32.dll
0x00007ffcf4500000 - 0x00007ffcf4970000 	C:\Windows\System32\SETUPAPI.dll
0x00007ffcf3440000 - 0x00007ffcf3466000 	C:\Windows\System32\bcrypt.dll
0x00007ffcdc890000 - 0x00007ffcdc8d9000 	C:\Program Files\Java\jdk1.8.0_221\jre\bin\glass.dll
0x00007ffcf5250000 - 0x00007ffcf5320000 	C:\Windows\System32\COMDLG32.dll
0x00007ffcf4d80000 - 0x00007ffcf4eb6000 	C:\Windows\System32\MSCTF.dll
0x00007ffce8e10000 - 0x00007ffce9850000 	C:\Windows\SYSTEM32\igdusc64.dll
0x00007ffced6a0000 - 0x00007ffced6b4000 	C:\Program Files\Java\jdk1.8.0_221\jre\bin\javafx_font.dll
0x00007ffcda520000 - 0x00007ffcda81e000 	C:\Windows\SYSTEM32\dwrite.dll
0x00007ffcf1670000 - 0x00007ffcf16a3000 	C:\Windows\system32\rsaenh.dll
0x00007ffcf21b0000 - 0x00007ffcf21d5000 	C:\Windows\SYSTEM32\USERENV.dll
0x00007ffcf1cd0000 - 0x00007ffcf1cdc000 	C:\Windows\SYSTEM32\CRYPTBASE.dll
0x00007ffcee710000 - 0x00007ffcee72a000 	C:\Program Files\Java\jdk1.8.0_221\jre\bin\net.dll
0x00007ffce6c00000 - 0x00007ffce6dd6000 	C:\Windows\SYSTEM32\urlmon.dll
0x00007ffce6950000 - 0x00007ffce6bf6000 	C:\Windows\SYSTEM32\iertutil.dll
0x00007ffcf1b00000 - 0x00007ffcf1b67000 	C:\Windows\system32\mswsock.dll
0x00007ffcf1810000 - 0x00007ffcf184a000 	C:\Windows\SYSTEM32\IPHLPAPI.DLL
0x00007ffcf3470000 - 0x00007ffcf3478000 	C:\Windows\System32\NSI.dll
0x00007ffce99e0000 - 0x00007ffce99f6000 	C:\Windows\SYSTEM32\dhcpcsvc6.DLL
0x00007ffceab80000 - 0x00007ffceab9c000 	C:\Windows\SYSTEM32\dhcpcsvc.DLL
0x00007ffcf1850000 - 0x00007ffcf191a000 	C:\Windows\SYSTEM32\DNSAPI.dll
0x00007ffcee4d0000 - 0x00007ffcee4e2000 	C:\Program Files\Java\jdk1.8.0_221\jre\bin\nio.dll
0x00007ffceb570000 - 0x00007ffceb59c000 	C:\Program Files\Java\jdk1.8.0_221\jre\bin\javafx_iio.dll
0x00007ffcf49f0000 - 0x00007ffcf4a92000 	C:\Windows\System32\clbcatq.dll
0x00007ffced2d0000 - 0x00007ffced47f000 	C:\Windows\SYSTEM32\WindowsCodecs.dll
0x00007ffcd8b00000 - 0x00007ffcd8b3a000 	C:\Windows\system32\dataexchange.dll
0x00007ffcefcd0000 - 0x00007ffcefeab000 	C:\Windows\system32\dcomp.dll
0x00007ffcef610000 - 0x00007ffcef86b000 	C:\Windows\system32\d3d11.dll
0x00007ffcf0f90000 - 0x00007ffcf107b000 	C:\Windows\system32\dxgi.dll
0x00007ffcf06e0000 - 0x00007ffcf093a000 	C:\Windows\system32\twinapi.appcore.dll
0x00007ffcf0b10000 - 0x00007ffcf0b39000 	C:\Windows\system32\RMCLIENT.dll
0x00007ffcdc7e0000 - 0x00007ffcdc813000 	C:\Program Files\Common Files\Microsoft Shared\Ink\rtscom.dll
0x00007ffcde970000 - 0x00007ffcdea0e000 	C:\Windows\System32\TextInputFramework.dll
0x00007ffcf0220000 - 0x00007ffcf02f4000 	C:\Windows\System32\CoreMessaging.dll
0x00007ffceda60000 - 0x00007ffcedd8a000 	C:\Windows\System32\CoreUIComponents.dll
0x00007ffcf12f0000 - 0x00007ffcf1321000 	C:\Windows\SYSTEM32\ntmarta.dll
0x00007ffcee130000 - 0x00007ffcee283000 	C:\Windows\SYSTEM32\wintypes.dll
0x00007ffcef050000 - 0x00007ffcef610000 	C:\Windows\SYSTEM32\d2d1.dll

VM Arguments:
java_command: C:\Users\Michael William\Documents\NetBeansProjects\webook\target/RPLProject-1.0-SNAPSHOT.jar
java_class_path (initial): C:\Users\Michael William\Documents\NetBeansProjects\webook\target/RPLProject-1.0-SNAPSHOT.jar
Launcher Type: SUN_STANDARD

Environment Variables:
JAVA_HOME=C:\Program Files\Java\jdk1.8.0_221
PATH=C:\Program Files (x86)\Intel\iCLS Client\;C:\Program Files\Intel\iCLS Client\;C:\Program Files (x86)\Common Files\Oracle\Java\javapath;C:\Windows\system32;C:\Windows;C:\Windows\System32\Wbem;C:\Windows\System32\WindowsPowerShell\v1.0\;C:\Windows\System32\OpenSSH\;D:\Git\cmd;C:\Program Files\Java\jdk1.8.0_231\bin;C:\Program Files (x86)\Intel\Intel(R) Management Engine Components\DAL;C:\Program Files\Intel\Intel(R) Management Engine Components\DAL;C:\Program Files (x86)\Intel\Intel(R) Management Engine Components\IPT;C:\Program Files\Intel\Intel(R) Management Engine Components\IPT;C:\Program Files\Java\jdk1.8.0_221\bin;C:\Users\Michael William\AppData\Local\Microsoft\WindowsApps
USERNAME=Michael William
OS=Windows_NT
PROCESSOR_IDENTIFIER=Intel64 Family 6 Model 69 Stepping 1, GenuineIntel



---------------  S Y S T E M  ---------------

OS: Windows 10.0 , 64 bit Build 18362 (10.0.18362.329)

CPU:total 4 (initial active 4) (2 cores per cpu, 2 threads per core) family 6 model 69 stepping 1, cmov, cx8, fxsr, mmx, sse, sse2, sse3, ssse3, sse4.1, sse4.2, popcnt, avx, avx2, aes, clmul, erms, lzcnt, ht, tsc, tscinvbit, bmi1, bmi2

Memory: 4k page, physical 8317080k(4250272k free), swap 12773528k(7588096k free)

vm_info: Java HotSpot(TM) 64-Bit Server VM (25.221-b11) for windows-amd64 JRE (1.8.0_221-b11), built on Jul  4 2019 04:39:29 by "java_re" with MS VC++ 10.0 (VS2010)

time: Sat Nov 30 13:29:30 2019
timezone: SE Asia Standard Time
elapsed time: 64 seconds (0d 0h 1m 4s)

