#
# A fatal error has been detected by the Java Runtime Environment:
#
#  EXCEPTION_ACCESS_VIOLATION (0xc0000005) at pc=0x000000006b4b6042, pid=11080, tid=0x00000000000037f4
#
# JRE version: Java(TM) SE Runtime Environment (8.0_221-b11) (build 1.8.0_221-b11)
# Java VM: Java HotSpot(TM) 64-Bit Server VM (25.221-b11 mixed mode windows-amd64 compressed oops)
# Problematic frame:
# V  [jvm.dll+0x146042]
#
# Failed to write core dump. Minidumps are not enabled by default on client versions of Windows
#
# If you would like to submit a bug report, please visit:
#   http://bugreport.java.com/bugreport/crash.jsp
#

---------------  T H R E A D  ---------------

Current thread (0x000000001bdd7000):  JavaThread "JavaFX Application Thread" [_thread_in_vm, id=14324, stack(0x000000001cd60000,0x000000001ce60000)]

siginfo: ExceptionCode=0xc0000005, reading address 0x0000000000000000

Registers:
RAX=0x0000000000000000, RBX=0x000000001bdd7000, RCX=0x0000000000000700, RDX=0x0000000000000000
RSP=0x000000001ce5c2b0, RBP=0x0000000000000000, RSI=0x0000000000000000, RDI=0x0000000000000000
R8 =0x0000000000000000, R9 =0x000000078395cc80, R10=0x0000000000000026, R11=0x000000006bb87940
R12=0x0000000023df3138, R13=0x000000002712b258, R14=0x000000001ce5c450, R15=0x000000001bdd7000
RIP=0x000000006b4b6042, EFLAGS=0x0000000000010202

Top of Stack: (sp=0x000000001ce5c2b0)
0x000000001ce5c2b0:   000000001ce5c310 000000000301835d
0x000000001ce5c2c0:   000000078395d648 000000078395d6a8
0x000000001ce5c2d0:   000000001bdd7000 0000000000000000
0x000000001ce5c2e0:   000000001ce5c328 00000000271c2c40
0x000000001ce5c2f0:   0000000000000000 00000000271b45f8
0x000000001ce5c300:   0000000000000000 000000001ce5c320
0x000000001ce5c310:   000000001ce5c380 000000001bdd71f8
0x000000001ce5c320:   0000000000000000 000000006be4204d
0x000000001ce5c330:   000000001ce5c450 000000000000000a
0x000000001ce5c340:   000000001ce5c340 000000001bdd71f8
0x000000001ce5c350:   000000001ce5c398 00000000271c10d0
0x000000001ce5c360:   0000000000000000 00000000271b2608
0x000000001ce5c370:   000000002712b260 0000000050200021
0x000000001ce5c380:   000000000000000a 000000001ce5c428
0x000000001ce5c390:   0000000000000000 00000000030297db
0x000000001ce5c3a0:   000000001ce5c3a0 00000000271afe2a 

Instructions: (pc=0x000000006b4b6042)
0x000000006b4b6022:   89 5c 24 20 48 89 74 24 28 48 39 73 08 74 0a 48
0x000000006b4b6032:   8d 4c 24 20 e8 95 8c 13 00 40 38 35 fe 08 6d 00
0x000000006b4b6042:   48 8b 3f 48 63 05 48 68 6b 00 74 1b 8b 0c 38 85
0x000000006b4b6052:   c9 74 7c 8b c1 8b 0d fb 37 66 00 48 d3 e0 48 03 


Register to memory mapping:

RAX=0x0000000000000000 is an unknown value
RBX=0x000000001bdd7000 is a thread
RCX=0x0000000000000700 is an unknown value
RDX=0x0000000000000000 is an unknown value
RSP=0x000000001ce5c2b0 is pointing into the stack for thread: 0x000000001bdd7000
RBP=0x0000000000000000 is an unknown value
RSI=0x0000000000000000 is an unknown value
RDI=0x0000000000000000 is an unknown value
R8 =0x0000000000000000 is an unknown value
R9 =0x000000078395cc80 is an oop
org.sqlite.core.NativeDB 
 - klass: 'org/sqlite/core/NativeDB'
R10=0x0000000000000026 is an unknown value
R11=0x000000006bb87940 is an unknown value
R12=0x0000000023df3138 is an unknown value
R13=0x000000002712b258 is pointing into metadata
R14=0x000000001ce5c450 is pointing into the stack for thread: 0x000000001bdd7000
R15=0x000000001bdd7000 is a thread


Stack: [0x000000001cd60000,0x000000001ce60000],  sp=0x000000001ce5c2b0,  free space=1008k
Native frames: (J=compiled Java code, j=interpreted, Vv=VM code, C=native code)

Java frames: (J=compiled Java code, j=interpreted, Vv=VM code)
j  org.sqlite.core.NativeDB.prepare(Ljava/lang/String;)J+0
j  org.sqlite.core.DB.prepare(Lorg/sqlite/core/CoreStatement;)V+21
j  org.sqlite.jdbc3.JDBC3Statement.executeQuery(Ljava/lang/String;)Ljava/sql/ResultSet;+14
j  com.mycompany.rplproject.db.DBUtil.dbExecuteQuery(Ljava/lang/String;)Ljava/sql/ResultSet;+20
j  com.mycompany.rplproject.Home.NewURLController.initialize(Ljava/net/URL;Ljava/util/ResourceBundle;)V+35
j  javafx.fxml.FXMLLoader.loadImpl(Ljava/io/InputStream;Ljava/lang/Class;)Ljava/lang/Object;+265
j  javafx.fxml.FXMLLoader.loadImpl(Ljava/lang/Class;)Ljava/lang/Object;+30
j  javafx.fxml.FXMLLoader.load()Ljava/lang/Object;+14
j  com.mycompany.rplproject.Home.HomeController.tambahURL(Ljavafx/scene/input/MouseEvent;)V+22
v  ~StubRoutines::call_stub
J 1847  sun.reflect.NativeMethodAccessorImpl.invoke0(Ljava/lang/reflect/Method;Ljava/lang/Object;[Ljava/lang/Object;)Ljava/lang/Object; (0 bytes) @ 0x000000000358fa3f [0x000000000358f9c0+0x7f]
J 1846 C1 sun.reflect.NativeMethodAccessorImpl.invoke(Ljava/lang/Object;[Ljava/lang/Object;)Ljava/lang/Object; (104 bytes) @ 0x00000000035a753c [0x00000000035a6340+0x11fc]
J 1831 C1 sun.reflect.DelegatingMethodAccessorImpl.invoke(Ljava/lang/Object;[Ljava/lang/Object;)Ljava/lang/Object; (10 bytes) @ 0x000000000358b7cc [0x000000000358b6c0+0x10c]
J 854 C1 java.lang.reflect.Method.invoke(Ljava/lang/Object;[Ljava/lang/Object;)Ljava/lang/Object; (62 bytes) @ 0x0000000003331674 [0x0000000003331280+0x3f4]
j  sun.reflect.misc.Trampoline.invoke(Ljava/lang/reflect/Method;Ljava/lang/Object;[Ljava/lang/Object;)Ljava/lang/Object;+7
j  sun.reflect.GeneratedMethodAccessor1.invoke(Ljava/lang/Object;[Ljava/lang/Object;)Ljava/lang/Object;+40
J 1831 C1 sun.reflect.DelegatingMethodAccessorImpl.invoke(Ljava/lang/Object;[Ljava/lang/Object;)Ljava/lang/Object; (10 bytes) @ 0x000000000358b7cc [0x000000000358b6c0+0x10c]
J 854 C1 java.lang.reflect.Method.invoke(Ljava/lang/Object;[Ljava/lang/Object;)Ljava/lang/Object; (62 bytes) @ 0x0000000003331674 [0x0000000003331280+0x3f4]
j  sun.reflect.misc.MethodUtil.invoke(Ljava/lang/reflect/Method;Ljava/lang/Object;[Ljava/lang/Object;)Ljava/lang/Object;+20
j  javafx.fxml.FXMLLoader$MethodHandler.invoke([Ljava/lang/Object;)V+19
j  javafx.fxml.FXMLLoader$ControllerMethodEventHandler.handle(Ljavafx/event/Event;)V+12
J 2086 C2 com.sun.javafx.event.EventHandlerManager.dispatchBubblingEvent(Ljavafx/event/Event;)Ljavafx/event/Event; (23 bytes) @ 0x000000000365c4a8 [0x000000000365bca0+0x808]
J 1306 C1 com.sun.javafx.event.CompositeEventDispatcher.dispatchBubblingEvent(Ljavafx/event/Event;)Ljavafx/event/Event; (35 bytes) @ 0x00000000034817dc [0x0000000003481620+0x1bc]
J 2104 C2 com.sun.javafx.event.BasicEventDispatcher.dispatchEvent(Ljavafx/event/Event;Ljavafx/event/EventDispatchChain;)Ljavafx/event/Event; (44 bytes) @ 0x0000000003657c8c [0x0000000003657b60+0x12c]
J 2104 C2 com.sun.javafx.event.BasicEventDispatcher.dispatchEvent(Ljavafx/event/Event;Ljavafx/event/EventDispatchChain;)Ljavafx/event/Event; (44 bytes) @ 0x0000000003657c4c [0x0000000003657b60+0xec]
J 2104 C2 com.sun.javafx.event.BasicEventDispatcher.dispatchEvent(Ljavafx/event/Event;Ljavafx/event/EventDispatchChain;)Ljavafx/event/Event; (44 bytes) @ 0x0000000003657c4c [0x0000000003657b60+0xec]
J 2104 C2 com.sun.javafx.event.BasicEventDispatcher.dispatchEvent(Ljavafx/event/Event;Ljavafx/event/EventDispatchChain;)Ljavafx/event/Event; (44 bytes) @ 0x0000000003657c4c [0x0000000003657b60+0xec]
J 2081 C2 com.sun.javafx.event.EventDispatchChainImpl.dispatchEvent(Ljavafx/event/Event;)Ljavafx/event/Event; (101 bytes) @ 0x00000000036445d4 [0x0000000003644520+0xb4]
J 1575 C1 com.sun.javafx.event.EventUtil.fireEvent(Ljavafx/event/EventTarget;Ljavafx/event/Event;)Ljavafx/event/Event; (81 bytes) @ 0x00000000034e9464 [0x00000000034e8d20+0x744]
J 2036 C1 javafx.scene.Scene$ClickGenerator.postProcess(Ljavafx/scene/input/MouseEvent;Ljavafx/scene/Scene$TargetWrapper;Ljavafx/scene/Scene$TargetWrapper;)V (258 bytes) @ 0x00000000036285cc [0x0000000003626d00+0x18cc]
J 1608 C1 javafx.scene.Scene$MouseHandler.process(Ljavafx/scene/input/MouseEvent;Z)V (735 bytes) @ 0x0000000003503a9c [0x0000000003500ce0+0x2dbc]
J 2070 C1 javafx.scene.Scene$ScenePeerListener.mouseEvent(Ljavafx/event/EventType;DDDDLjavafx/scene/input/MouseButton;ZZZZZZZZZ)V (50 bytes) @ 0x000000000364012c [0x000000000363fe60+0x2cc]
J 1613 C1 com.sun.javafx.tk.quantum.GlassViewEventHandler$MouseEventNotification.run()Ljava/lang/Void; (624 bytes) @ 0x000000000350afa4 [0x0000000003509f00+0x10a4]
J 2067 C1 com.sun.javafx.tk.quantum.GlassViewEventHandler$MouseEventNotification.run()Ljava/lang/Object; (5 bytes) @ 0x00000000036410cc [0x0000000003641040+0x8c]
v  ~StubRoutines::call_stub
J 1305  java.security.AccessController.doPrivileged(Ljava/security/PrivilegedAction;Ljava/security/AccessControlContext;)Ljava/lang/Object; (0 bytes) @ 0x0000000003480426 [0x00000000034803c0+0x66]
J 2044 C1 com.sun.javafx.tk.quantum.GlassViewEventHandler$$Lambda$206.get()Ljava/lang/Object; (8 bytes) @ 0x000000000362c30c [0x000000000362c120+0x1ec]
J 1589 C1 com.sun.javafx.tk.quantum.QuantumToolkit.runWithoutRenderLock(Ljava/util/function/Supplier;)Ljava/lang/Object; (49 bytes) @ 0x00000000034f4724 [0x00000000034f41e0+0x544]
J 2041 C1 com.sun.javafx.tk.quantum.GlassViewEventHandler.handleMouseEvent(Lcom/sun/glass/ui/View;JIIIIIIIZZ)V (108 bytes) @ 0x000000000362b1a4 [0x000000000362ad80+0x424]
J 1611 C1 com.sun.glass.ui.View.notifyMouse(IIIIIIIZZ)V (221 bytes) @ 0x000000000350899c [0x0000000003507920+0x107c]
v  ~StubRoutines::call_stub
j  com.sun.glass.ui.win.WinApplication._runLoop(Ljava/lang/Runnable;)V+0
j  com.sun.glass.ui.win.WinApplication.lambda$null$3(ILjava/lang/Runnable;)V+8
j  com.sun.glass.ui.win.WinApplication$$Lambda$37.run()V+12
j  java.lang.Thread.run()V+11
v  ~StubRoutines::call_stub

---------------  P R O C E S S  ---------------

Java Threads: ( => current thread )
  0x000000001c373000 JavaThread "Prism Font Disposer" daemon [_thread_blocked, id=11388, stack(0x0000000025290000,0x0000000025390000)]
  0x000000001c26f000 JavaThread "Thread-3" daemon [_thread_in_native, id=11860, stack(0x0000000023940000,0x0000000023a40000)]
  0x000000001c287800 JavaThread "JavaFX-Launcher" [_thread_blocked, id=4572, stack(0x0000000023a40000,0x0000000023b40000)]
=>0x000000001bdd7000 JavaThread "JavaFX Application Thread" [_thread_in_vm, id=14324, stack(0x000000001cd60000,0x000000001ce60000)]
  0x000000001bdd3000 JavaThread "Thread-1" daemon [_thread_blocked, id=16976, stack(0x000000001cc60000,0x000000001cd60000)]
  0x000000001bdbb800 JavaThread "QuantumRenderer-0" daemon [_thread_blocked, id=17168, stack(0x000000001c9e0000,0x000000001cae0000)]
  0x000000001a0ed800 JavaThread "Service Thread" daemon [_thread_blocked, id=6992, stack(0x000000001bde0000,0x000000001bee0000)]
  0x000000001a098000 JavaThread "C1 CompilerThread2" daemon [_thread_blocked, id=16620, stack(0x000000001b8e0000,0x000000001b9e0000)]
  0x000000001a094800 JavaThread "C2 CompilerThread1" daemon [_thread_in_native, id=312, stack(0x000000001b7e0000,0x000000001b8e0000)]
  0x000000001a091800 JavaThread "C2 CompilerThread0" daemon [_thread_blocked, id=10180, stack(0x000000001b6e0000,0x000000001b7e0000)]
  0x000000001a090000 JavaThread "Attach Listener" daemon [_thread_blocked, id=8460, stack(0x000000001b5e0000,0x000000001b6e0000)]
  0x000000001a08e800 JavaThread "Signal Dispatcher" daemon [_thread_blocked, id=6564, stack(0x000000001b4e0000,0x000000001b5e0000)]
  0x000000000300c000 JavaThread "Finalizer" daemon [_thread_blocked, id=12472, stack(0x000000001b2e0000,0x000000001b3e0000)]
  0x0000000003002000 JavaThread "Reference Handler" daemon [_thread_blocked, id=15328, stack(0x000000001b1e0000,0x000000001b2e0000)]
  0x0000000002f0e000 JavaThread "main" [_thread_blocked, id=10308, stack(0x0000000002e00000,0x0000000002f00000)]

Other Threads:
  0x000000001a057000 VMThread [stack: 0x000000001b0e0000,0x000000001b1e0000] [id=16336]
  0x000000001a0ee800 WatcherThread [stack: 0x000000001bee0000,0x000000001bfe0000] [id=12144]

VM state:not at safepoint (normal execution)

VM Mutex/Monitor currently owned by a thread: None

heap address: 0x0000000701c00000, size: 3044 MB, Compressed Oops mode: Zero based, Oop shift amount: 3
Narrow klass base: 0x0000000000000000, Narrow klass shift: 3
Compressed class space size: 1073741824 Address: 0x00000007c0000000

Heap:
 PSYoungGen      total 57344K, used 49152K [0x0000000780980000, 0x0000000784980000, 0x00000007c0000000)
  eden space 49152K, 100% used [0x0000000780980000,0x0000000783980000,0x0000000783980000)
  from space 8192K, 0% used [0x0000000784180000,0x0000000784180000,0x0000000784980000)
  to   space 8192K, 0% used [0x0000000783980000,0x0000000783980000,0x0000000784180000)
 ParOldGen       total 131072K, used 0K [0x0000000701c00000, 0x0000000709c00000, 0x0000000780980000)
  object space 131072K, 0% used [0x0000000701c00000,0x0000000701c00000,0x0000000709c00000)
 Metaspace       used 19666K, capacity 20480K, committed 20736K, reserved 1067008K
  class space    used 2779K, capacity 3014K, committed 3072K, reserved 1048576K

Card table byte_map: [0x00000000123d0000,0x00000000129d0000] byte_map_base: 0x000000000ebc2000

Marking Bits: (ParMarkBitMap*) 0x000000006bb95ce0
 Begin Bits: [0x00000000131d0000, 0x0000000016160000)
 End Bits:   [0x0000000016160000, 0x00000000190f0000)

Polling page: 0x0000000001440000

CodeCache: size=245760Kb used=6750Kb max_used=6763Kb free=239009Kb
 bounds [0x0000000003010000, 0x00000000036b0000, 0x0000000012010000]
 total_blobs=2891 nmethods=2196 adapters=607
 compilation: enabled

Compilation events (10 events):
Event: 10.205 Thread 0x000000001a098000 nmethod 2197 0x0000000003696fd0 code [0x00000000036971a0, 0x0000000003697b38]
Event: 10.205 Thread 0x000000001a098000 2191       3       javafx.collections.ListChangeBuilder$SingleChange::next (16 bytes)
Event: 10.205 Thread 0x000000001a098000 nmethod 2191 0x0000000003691bd0 code [0x0000000003691d20, 0x0000000003691ed0]
Event: 10.205 Thread 0x000000001a098000 2195       3       javafx.scene.Node::addToSceneDirtyList (30 bytes)
Event: 10.205 Thread 0x000000001a098000 nmethod 2195 0x0000000003696390 code [0x0000000003696540, 0x0000000003696d88]
Event: 10.205 Thread 0x000000001a098000 2189       3       java.util.LinkedList::checkPositionIndex (22 bytes)
Event: 10.206 Thread 0x000000001a094800 nmethod 2193 0x00000000036955d0 code [0x0000000003695780, 0x0000000003695e88]
Event: 10.206 Thread 0x000000001a098000 nmethod 2189 0x00000000036ab190 code [0x00000000036ab3a0, 0x00000000036abf78]
Event: 10.206 Thread 0x000000001a094800 2196       4       java.lang.Class::privateGetMethodRecursive (130 bytes)
Event: 10.206 Thread 0x000000001a098000 2190       3       java.util.LinkedList::isPositionIndex (18 bytes)

GC Heap History (0 events):
No events

Deoptimization events (10 events):
Event: 1.381 Thread 0x000000001bdd7000 Uncommon trap: reason=unstable_if action=reinterpret pc=0x00000000031f0ec0 method=java.lang.CharacterData.of(I)Ljava/lang/CharacterData; @ 4
Event: 1.424 Thread 0x000000001bdd7000 Uncommon trap: reason=unstable_if action=reinterpret pc=0x0000000003382c28 method=jdk.internal.org.objectweb.asm.Type.getArgumentsAndReturnSizes(Ljava/lang/String;)I @ 47
Event: 6.020 Thread 0x000000001bdd7000 Uncommon trap: reason=unstable_if action=reinterpret pc=0x000000000327379c method=java.lang.AbstractStringBuilder.append(Ljava/lang/String;)Ljava/lang/AbstractStringBuilder; @ 1
Event: 6.067 Thread 0x000000001bdd7000 Uncommon trap: reason=unstable_if action=reinterpret pc=0x0000000003569b0c method=org.sqlite.SQLiteJDBCLoader.contentsEquals(Ljava/io/InputStream;Ljava/io/InputStream;)Z @ 39
Event: 6.112 Thread 0x000000001bdd7000 Uncommon trap: reason=class_check action=maybe_recompile pc=0x0000000003391784 method=java.util.HashMap.putVal(ILjava/lang/Object;Ljava/lang/Object;ZZ)Ljava/lang/Object; @ 203
Event: 6.112 Thread 0x000000001bdd7000 Uncommon trap: reason=class_check action=maybe_recompile pc=0x0000000003391784 method=java.util.HashMap.putVal(ILjava/lang/Object;Ljava/lang/Object;ZZ)Ljava/lang/Object; @ 203
Event: 6.112 Thread 0x000000001bdd7000 Uncommon trap: reason=class_check action=maybe_recompile pc=0x0000000003391784 method=java.util.HashMap.putVal(ILjava/lang/Object;Ljava/lang/Object;ZZ)Ljava/lang/Object; @ 203
Event: 6.112 Thread 0x000000001bdd7000 Uncommon trap: reason=class_check action=maybe_recompile pc=0x0000000003391784 method=java.util.HashMap.putVal(ILjava/lang/Object;Ljava/lang/Object;ZZ)Ljava/lang/Object; @ 203
Event: 6.112 Thread 0x000000001bdd7000 Uncommon trap: reason=class_check action=maybe_recompile pc=0x00000000033262f8 method=java.util.HashMap.putVal(ILjava/lang/Object;Ljava/lang/Object;ZZ)Ljava/lang/Object; @ 203
Event: 6.191 Thread 0x000000001bdd7000 Uncommon trap: reason=unstable_if action=reinterpret pc=0x00000000034df014 method=javafx.scene.Node.updateLocalToParentTransform()V @ 4

Classes redefined (0 events):
No events

Internal exceptions (10 events):
Event: 0.575 Thread 0x000000001bdd7000 Exception <a 'java/lang/NullPointerException'> (0x000000078179f358) thrown at [C:\re\workspace\8-2-build-windows-amd64-cygwin\jdk8u221\13320\hotspot\src\share\vm\interpreter\linkResolver.cpp, line 1185]
Event: 0.575 Thread 0x000000001bdd7000 Exception <a 'java/lang/NullPointerException'> (0x000000078179f358) thrown at [C:\re\workspace\8-2-build-windows-amd64-cygwin\jdk8u221\13320\hotspot\src\share\vm\prims\jvm.cpp, line 1506]
Event: 0.856 Thread 0x000000001bdd7000 Exception <a 'java/lang/ArrayIndexOutOfBoundsException': 18> (0x00000007819f6f90) thrown at [C:\re\workspace\8-2-build-windows-amd64-cygwin\jdk8u221\13320\hotspot\src\share\vm\interpreter\interpreterRuntime.cpp, line 368]
Event: 0.856 Thread 0x000000001bdd7000 Exception <a 'java/lang/ArrayIndexOutOfBoundsException': 84> (0x00000007819f8260) thrown at [C:\re\workspace\8-2-build-windows-amd64-cygwin\jdk8u221\13320\hotspot\src\share\vm\interpreter\interpreterRuntime.cpp, line 368]
Event: 0.857 Thread 0x000000001bdd7000 Exception <a 'java/lang/ArrayIndexOutOfBoundsException': 49> (0x0000000781a1ee58) thrown at [C:\re\workspace\8-2-build-windows-amd64-cygwin\jdk8u221\13320\hotspot\src\share\vm\interpreter\interpreterRuntime.cpp, line 368]
Event: 0.912 Thread 0x000000001bdd7000 Exception <a 'java/lang/ArrayIndexOutOfBoundsException'> (0x0000000781b5bbb8) thrown at [C:\re\workspace\8-2-build-windows-amd64-cygwin\jdk8u221\13320\hotspot\src\share\vm\runtime\sharedRuntime.cpp, line 605]
Event: 0.913 Thread 0x000000001bdd7000 Exception <a 'java/lang/ArrayIndexOutOfBoundsException'> (0x0000000781b5d1d8) thrown at [C:\re\workspace\8-2-build-windows-amd64-cygwin\jdk8u221\13320\hotspot\src\share\vm\runtime\sharedRuntime.cpp, line 605]
Event: 0.944 Thread 0x000000001bdd7000 Exception <a 'java/lang/ArrayIndexOutOfBoundsException'> (0x0000000781c9f298) thrown at [C:\re\workspace\8-2-build-windows-amd64-cygwin\jdk8u221\13320\hotspot\src\share\vm\runtime\sharedRuntime.cpp, line 605]
Event: 0.947 Thread 0x000000001bdd7000 Exception <a 'java/lang/ArrayIndexOutOfBoundsException'> (0x0000000781cb4748) thrown at [C:\re\workspace\8-2-build-windows-amd64-cygwin\jdk8u221\13320\hotspot\src\share\vm\runtime\sharedRuntime.cpp, line 605]
Event: 6.020 Thread 0x000000001bdd7000 Implicit null exception at 0x00000000032733d6 to 0x0000000003273785

Events (10 events):
Event: 10.192 loading class javafx/beans/Observable
Event: 10.192 loading class javafx/beans/Observable done
Event: 10.192 loading class javafx/scene/control/ComboBox
Event: 10.192 loading class javafx/scene/control/ComboBox done
Event: 10.193 loading class javafx/scene/control/ListCell
Event: 10.193 loading class javafx/scene/control/ListCell done
Event: 10.193 loading class javafx/scene/control/IndexedCell
Event: 10.193 loading class javafx/scene/control/IndexedCell done
Event: 10.193 loading class javafx/scene/control/Cell
Event: 10.193 loading class javafx/scene/control/Cell done


Dynamic libraries:
0x00007ff7670f0000 - 0x00007ff767127000 	C:\Program Files\Java\jdk1.8.0_221\jre\bin\java.exe
0x00007ff98b7a0000 - 0x00007ff98b990000 	C:\Windows\SYSTEM32\ntdll.dll
0x00007ff98ae20000 - 0x00007ff98aed2000 	C:\Windows\System32\KERNEL32.DLL
0x00007ff9894f0000 - 0x00007ff989793000 	C:\Windows\System32\KERNELBASE.dll
0x00007ff98a710000 - 0x00007ff98a7b3000 	C:\Windows\System32\ADVAPI32.dll
0x00007ff98ad80000 - 0x00007ff98ae1e000 	C:\Windows\System32\msvcrt.dll
0x00007ff98aee0000 - 0x00007ff98af77000 	C:\Windows\System32\sechost.dll
0x00007ff98ab40000 - 0x00007ff98ac60000 	C:\Windows\System32\RPCRT4.dll
0x00007ff98b360000 - 0x00007ff98b4f4000 	C:\Windows\System32\USER32.dll
0x00007ff9897a0000 - 0x00007ff9897c1000 	C:\Windows\System32\win32u.dll
0x00007ff98a7c0000 - 0x00007ff98a7e6000 	C:\Windows\System32\GDI32.dll
0x00007ff9892a0000 - 0x00007ff989434000 	C:\Windows\System32\gdi32full.dll
0x00007ff988790000 - 0x00007ff98882e000 	C:\Windows\System32\msvcp_win.dll
0x00007ff988fb0000 - 0x00007ff9890aa000 	C:\Windows\System32\ucrtbase.dll
0x00007ff973650000 - 0x00007ff9738d5000 	C:\Windows\WinSxS\amd64_microsoft.windows.common-controls_6595b64144ccf1df_6.0.18362.418_none_e6c6b287130d565d\COMCTL32.dll
0x00007ff98a7f0000 - 0x00007ff98ab26000 	C:\Windows\System32\combase.dll
0x00007ff9897d0000 - 0x00007ff989850000 	C:\Windows\System32\bcryptPrimitives.dll
0x00007ff98b120000 - 0x00007ff98b14e000 	C:\Windows\System32\IMM32.DLL
0x000000006b290000 - 0x000000006b362000 	C:\Program Files\Java\jdk1.8.0_221\jre\bin\msvcr100.dll
0x000000006b370000 - 0x000000006bc15000 	C:\Program Files\Java\jdk1.8.0_221\jre\bin\server\jvm.dll
0x00007ff98b350000 - 0x00007ff98b358000 	C:\Windows\System32\PSAPI.DLL
0x00007ff97fe90000 - 0x00007ff97feb4000 	C:\Windows\SYSTEM32\WINMM.dll
0x00007ff9813f0000 - 0x00007ff9813fa000 	C:\Windows\SYSTEM32\VERSION.dll
0x00007ff987170000 - 0x00007ff987179000 	C:\Windows\SYSTEM32\WSOCK32.dll
0x00007ff98af80000 - 0x00007ff98afef000 	C:\Windows\System32\WS2_32.dll
0x00007ff97fe60000 - 0x00007ff97fe8d000 	C:\Windows\SYSTEM32\winmmbase.dll
0x00007ff989220000 - 0x00007ff98926a000 	C:\Windows\System32\cfgmgr32.dll
0x00007ff985f80000 - 0x00007ff985f8f000 	C:\Program Files\Java\jdk1.8.0_221\jre\bin\verify.dll
0x00007ff982250000 - 0x00007ff982279000 	C:\Program Files\Java\jdk1.8.0_221\jre\bin\java.dll
0x00007ff982230000 - 0x00007ff982246000 	C:\Program Files\Java\jdk1.8.0_221\jre\bin\zip.dll
0x00007ff989ad0000 - 0x00007ff98a1b5000 	C:\Windows\System32\SHELL32.dll
0x00007ff98b6b0000 - 0x00007ff98b759000 	C:\Windows\System32\shcore.dll
0x00007ff988830000 - 0x00007ff988faf000 	C:\Windows\System32\windows.storage.dll
0x00007ff988680000 - 0x00007ff98869f000 	C:\Windows\System32\profapi.dll
0x00007ff9886c0000 - 0x00007ff98870a000 	C:\Windows\System32\powrprof.dll
0x00007ff988670000 - 0x00007ff988680000 	C:\Windows\System32\UMPDC.dll
0x00007ff989850000 - 0x00007ff9898a2000 	C:\Windows\System32\shlwapi.dll
0x00007ff9886a0000 - 0x00007ff9886b1000 	C:\Windows\System32\kernel.appcore.dll
0x00007ff989200000 - 0x00007ff989217000 	C:\Windows\System32\cryptsp.dll
0x0000000002d70000 - 0x0000000002d73000 	C:\Program Files\Java\jdk1.8.0_221\jre\bin\api-ms-win-core-console-l1-1-0.dll
0x0000000002d80000 - 0x0000000002d83000 	C:\Program Files\Java\jdk1.8.0_221\jre\bin\api-ms-win-core-datetime-l1-1-0.dll
0x0000000002d90000 - 0x0000000002d93000 	C:\Program Files\Java\jdk1.8.0_221\jre\bin\api-ms-win-core-debug-l1-1-0.dll
0x0000000002da0000 - 0x0000000002da3000 	C:\Program Files\Java\jdk1.8.0_221\jre\bin\api-ms-win-core-errorhandling-l1-1-0.dll
0x0000000002db0000 - 0x0000000002db4000 	C:\Program Files\Java\jdk1.8.0_221\jre\bin\api-ms-win-core-file-l1-1-0.dll
0x0000000002dc0000 - 0x0000000002dc3000 	C:\Program Files\Java\jdk1.8.0_221\jre\bin\api-ms-win-core-file-l1-2-0.dll
0x0000000002dd0000 - 0x0000000002dd3000 	C:\Program Files\Java\jdk1.8.0_221\jre\bin\api-ms-win-core-file-l2-1-0.dll
0x0000000002de0000 - 0x0000000002de3000 	C:\Program Files\Java\jdk1.8.0_221\jre\bin\api-ms-win-core-handle-l1-1-0.dll
0x000000001bfe0000 - 0x000000001bfe3000 	C:\Program Files\Java\jdk1.8.0_221\jre\bin\api-ms-win-core-heap-l1-1-0.dll
0x000000001bff0000 - 0x000000001bff3000 	C:\Program Files\Java\jdk1.8.0_221\jre\bin\api-ms-win-core-interlocked-l1-1-0.dll
0x000000001c000000 - 0x000000001c003000 	C:\Program Files\Java\jdk1.8.0_221\jre\bin\api-ms-win-core-libraryloader-l1-1-0.dll
0x000000001c010000 - 0x000000001c013000 	C:\Program Files\Java\jdk1.8.0_221\jre\bin\api-ms-win-core-localization-l1-2-0.dll
0x000000001c020000 - 0x000000001c023000 	C:\Program Files\Java\jdk1.8.0_221\jre\bin\api-ms-win-core-memory-l1-1-0.dll
0x000000001c030000 - 0x000000001c033000 	C:\Program Files\Java\jdk1.8.0_221\jre\bin\api-ms-win-core-namedpipe-l1-1-0.dll
0x000000001c040000 - 0x000000001c043000 	C:\Program Files\Java\jdk1.8.0_221\jre\bin\api-ms-win-core-processenvironment-l1-1-0.dll
0x000000001c050000 - 0x000000001c053000 	C:\Program Files\Java\jdk1.8.0_221\jre\bin\api-ms-win-core-processthreads-l1-1-0.dll
0x000000001c060000 - 0x000000001c063000 	C:\Program Files\Java\jdk1.8.0_221\jre\bin\api-ms-win-core-processthreads-l1-1-1.dll
0x000000001c070000 - 0x000000001c073000 	C:\Program Files\Java\jdk1.8.0_221\jre\bin\api-ms-win-core-profile-l1-1-0.dll
0x000000001c080000 - 0x000000001c083000 	C:\Program Files\Java\jdk1.8.0_221\jre\bin\api-ms-win-core-rtlsupport-l1-1-0.dll
0x000000001c090000 - 0x000000001c093000 	C:\Program Files\Java\jdk1.8.0_221\jre\bin\api-ms-win-core-string-l1-1-0.dll
0x000000001c0a0000 - 0x000000001c0a3000 	C:\Program Files\Java\jdk1.8.0_221\jre\bin\api-ms-win-core-synch-l1-1-0.dll
0x000000001c0b0000 - 0x000000001c0b3000 	C:\Program Files\Java\jdk1.8.0_221\jre\bin\api-ms-win-core-synch-l1-2-0.dll
0x000000001c0c0000 - 0x000000001c0c3000 	C:\Program Files\Java\jdk1.8.0_221\jre\bin\api-ms-win-core-sysinfo-l1-1-0.dll
0x000000001c0d0000 - 0x000000001c0d3000 	C:\Program Files\Java\jdk1.8.0_221\jre\bin\api-ms-win-core-timezone-l1-1-0.dll
0x000000001c0e0000 - 0x000000001c0e3000 	C:\Program Files\Java\jdk1.8.0_221\jre\bin\api-ms-win-core-util-l1-1-0.dll
0x000000001c0f0000 - 0x000000001c0f3000 	C:\Program Files\Java\jdk1.8.0_221\jre\bin\api-ms-win-crt-conio-l1-1-0.dll
0x000000001c100000 - 0x000000001c104000 	C:\Program Files\Java\jdk1.8.0_221\jre\bin\api-ms-win-crt-convert-l1-1-0.dll
0x000000001c110000 - 0x000000001c113000 	C:\Program Files\Java\jdk1.8.0_221\jre\bin\api-ms-win-crt-environment-l1-1-0.dll
0x000000001c120000 - 0x000000001c123000 	C:\Program Files\Java\jdk1.8.0_221\jre\bin\api-ms-win-crt-filesystem-l1-1-0.dll
0x000000001c130000 - 0x000000001c133000 	C:\Program Files\Java\jdk1.8.0_221\jre\bin\api-ms-win-crt-heap-l1-1-0.dll
0x000000001c140000 - 0x000000001c143000 	C:\Program Files\Java\jdk1.8.0_221\jre\bin\api-ms-win-crt-locale-l1-1-0.dll
0x000000001c150000 - 0x000000001c155000 	C:\Program Files\Java\jdk1.8.0_221\jre\bin\api-ms-win-crt-math-l1-1-0.dll
0x000000001c160000 - 0x000000001c165000 	C:\Program Files\Java\jdk1.8.0_221\jre\bin\api-ms-win-crt-multibyte-l1-1-0.dll
0x000000001c170000 - 0x000000001c180000 	C:\Program Files\Java\jdk1.8.0_221\jre\bin\api-ms-win-crt-private-l1-1-0.dll
0x000000001c180000 - 0x000000001c183000 	C:\Program Files\Java\jdk1.8.0_221\jre\bin\api-ms-win-crt-process-l1-1-0.dll
0x000000001c190000 - 0x000000001c194000 	C:\Program Files\Java\jdk1.8.0_221\jre\bin\api-ms-win-crt-runtime-l1-1-0.dll
0x000000001c1a0000 - 0x000000001c1a4000 	C:\Program Files\Java\jdk1.8.0_221\jre\bin\api-ms-win-crt-stdio-l1-1-0.dll
0x000000001c1b0000 - 0x000000001c1b4000 	C:\Program Files\Java\jdk1.8.0_221\jre\bin\api-ms-win-crt-string-l1-1-0.dll
0x000000001c1c0000 - 0x000000001c1c3000 	C:\Program Files\Java\jdk1.8.0_221\jre\bin\api-ms-win-crt-time-l1-1-0.dll
0x000000001c1d0000 - 0x000000001c1d3000 	C:\Program Files\Java\jdk1.8.0_221\jre\bin\api-ms-win-crt-utility-l1-1-0.dll
0x00007ff954e20000 - 0x00007ff954f16000 	C:\Program Files\Java\jdk1.8.0_221\jre\bin\ucrtbase.dll
0x00007ff978660000 - 0x00007ff978676000 	C:\Program Files\Java\jdk1.8.0_221\jre\bin\vcruntime140.dll
0x00007ff951e80000 - 0x00007ff951f2a000 	C:\Program Files\Java\jdk1.8.0_221\jre\bin\msvcp140.dll
0x00007ff9573e0000 - 0x00007ff957434000 	C:\Program Files\Java\jdk1.8.0_221\jre\bin\concrt140.dll
0x00007ff966f00000 - 0x00007ff966f23000 	C:\Program Files\Java\jdk1.8.0_221\jre\bin\prism_d3d.dll
0x00007ff979e90000 - 0x00007ff97a057000 	C:\Windows\system32\d3d9.dll
0x00007ff986a20000 - 0x00007ff986a4d000 	C:\Windows\SYSTEM32\dwmapi.dll
0x00007ff9872e0000 - 0x00007ff987300000 	C:\Windows\SYSTEM32\dxcore.dll
0x00007ff985e00000 - 0x00007ff985e99000 	C:\Windows\system32\uxtheme.dll
0x00007ff94a010000 - 0x00007ff94a282000 	C:\WINDOWS\System32\DriverStore\FileRepository\igdlh64.inf_amd64_24de78387e6208e4\igdumdim64.dll
0x00007ff919760000 - 0x00007ff91cc57000 	C:\WINDOWS\System32\DriverStore\FileRepository\igdlh64.inf_amd64_24de78387e6208e4\igd9dxva64.dll
0x00007ff98b1f0000 - 0x00007ff98b346000 	C:\Windows\System32\ole32.dll
0x00007ff98b050000 - 0x00007ff98b114000 	C:\Windows\System32\OLEAUT32.dll
0x00007ff957730000 - 0x00007ff957779000 	C:\Program Files\Java\jdk1.8.0_221\jre\bin\glass.dll
0x00007ff989a00000 - 0x00007ff989ad0000 	C:\Windows\System32\COMDLG32.dll
0x00007ff9898c0000 - 0x00007ff9899f6000 	C:\Windows\System32\MSCTF.dll
0x00007ff976860000 - 0x00007ff976881000 	C:\WINDOWS\System32\DriverStore\FileRepository\igdlh64.inf_amd64_24de78387e6208e4\igdinfo64.dll
0x00007ff97a0d0000 - 0x00007ff97c035000 	C:\WINDOWS\System32\DriverStore\FileRepository\igdlh64.inf_amd64_24de78387e6208e4\igc64.dll
0x00007ff96e320000 - 0x00007ff96e334000 	C:\Program Files\Java\jdk1.8.0_221\jre\bin\javafx_font.dll
0x00007ff96e930000 - 0x00007ff96ec2e000 	C:\Windows\SYSTEM32\dwrite.dll
0x00007ff987a50000 - 0x00007ff987a83000 	C:\Windows\system32\rsaenh.dll
0x00007ff989270000 - 0x00007ff989296000 	C:\Windows\System32\bcrypt.dll
0x00007ff988590000 - 0x00007ff9885b5000 	C:\Windows\SYSTEM32\USERENV.dll
0x00007ff9880b0000 - 0x00007ff9880bc000 	C:\Windows\SYSTEM32\CRYPTBASE.dll
0x00007ff982210000 - 0x00007ff98222a000 	C:\Program Files\Java\jdk1.8.0_221\jre\bin\net.dll
0x00007ff9760c0000 - 0x00007ff976296000 	C:\Windows\SYSTEM32\urlmon.dll
0x00007ff976530000 - 0x00007ff9767d6000 	C:\Windows\SYSTEM32\iertutil.dll
0x00007ff987ee0000 - 0x00007ff987f47000 	C:\Windows\system32\mswsock.dll
0x00007ff987bf0000 - 0x00007ff987c2a000 	C:\Windows\SYSTEM32\IPHLPAPI.DLL
0x00007ff9898b0000 - 0x00007ff9898b8000 	C:\Windows\System32\NSI.dll
0x00007ff97fcf0000 - 0x00007ff97fd06000 	C:\Windows\SYSTEM32\dhcpcsvc6.DLL
0x00007ff9811b0000 - 0x00007ff9811cc000 	C:\Windows\SYSTEM32\dhcpcsvc.DLL
0x00007ff987c30000 - 0x00007ff987cfa000 	C:\Windows\SYSTEM32\DNSAPI.dll
0x00007ff981cf0000 - 0x00007ff981d02000 	C:\Program Files\Java\jdk1.8.0_221\jre\bin\nio.dll
0x00007ff9586d0000 - 0x00007ff9586fc000 	C:\Program Files\Java\jdk1.8.0_221\jre\bin\javafx_iio.dll
0x00007ff98acd0000 - 0x00007ff98ad72000 	C:\Windows\System32\clbcatq.dll
0x00007ff97eb30000 - 0x00007ff97ecdf000 	C:\Windows\SYSTEM32\WindowsCodecs.dll
0x00007ff96bcf0000 - 0x00007ff96bd2a000 	C:\Windows\system32\dataexchange.dll
0x00007ff984d90000 - 0x00007ff984feb000 	C:\Windows\system32\d3d11.dll
0x00007ff985450000 - 0x00007ff98562b000 	C:\Windows\system32\dcomp.dll
0x00007ff987370000 - 0x00007ff98745b000 	C:\Windows\system32\dxgi.dll
0x00007ff9866d0000 - 0x00007ff98692a000 	C:\Windows\system32\twinapi.appcore.dll
0x00007ff986b30000 - 0x00007ff986b59000 	C:\Windows\system32\RMCLIENT.dll
0x00007ff9585c0000 - 0x00007ff9585f3000 	C:\Program Files\Common Files\Microsoft Shared\Ink\rtscom.dll
0x00007ff9763d0000 - 0x00007ff97646e000 	C:\Windows\System32\TextInputFramework.dll
0x00007ff9859a0000 - 0x00007ff985a74000 	C:\Windows\System32\CoreMessaging.dll
0x00007ff97f190000 - 0x00007ff97f4ba000 	C:\Windows\System32\CoreUIComponents.dll
0x00007ff983d50000 - 0x00007ff983ea3000 	C:\Windows\SYSTEM32\wintypes.dll
0x00007ff9876d0000 - 0x00007ff987701000 	C:\Windows\SYSTEM32\ntmarta.dll

VM Arguments:
java_command: C:\Users\Ananda\OneDrive\Documents\NetBeansProjects\weBook\target/RPLProject-1.0-SNAPSHOT.jar
java_class_path (initial): C:\Users\Ananda\OneDrive\Documents\NetBeansProjects\weBook\target/RPLProject-1.0-SNAPSHOT.jar
Launcher Type: SUN_STANDARD

Environment Variables:
JAVA_HOME=C:\Program Files\Java\jdk1.8.0_221
PATH=C:\Program Files (x86)\Common Files\Oracle\Java\javapath;C:\Program Files (x86)\Intel\iCLS Client\;C:\Program Files\Intel\iCLS Client\;C:\Windows\system32;C:\Windows;C:\Windows\System32\Wbem;C:\Windows\System32\WindowsPowerShell\v1.0\;C:\Windows\System32\OpenSSH\;C:\Program Files (x86)\Intel\Intel(R) Management Engine Components\DAL;C:\Program Files\Intel\Intel(R) Management Engine Components\DAL;C:\Program Files (x86)\Intel\Intel(R) Management Engine Components\IPT;C:\Program Files\Intel\Intel(R) Management Engine Components\IPT;C:\Program Files (x86)\NVIDIA Corporation\PhysX\Common;C:\Program Files\NVIDIA Corporation\NVIDIA NvDLISR;C:\Windows\system32;C:\Windows;C:\Windows\System32\Wbem;C:\Windows\System32\WindowsPowerShell\v1.0\;C:\Windows\System32\OpenSSH\;C:\Program Files\Git\cmd;C:\Users\Ananda\AppData\Local\Microsoft\WindowsApps;C:\Users\Ananda\AppData\Local\Programs\Microsoft VS Code\bin;C:\Program Files\JetBrains\IntelliJ IDEA Community Edition 2019.1.2\bin;;C:\Program Files\gradle-5.4.1-bin\gradle-5.4.1\bin;C:\Program Files\Java\jdk1.8.0_221\bin;
USERNAME=Ananda
OS=Windows_NT
PROCESSOR_IDENTIFIER=Intel64 Family 6 Model 142 Stepping 9, GenuineIntel



---------------  S Y S T E M  ---------------

OS: Windows 10.0 , 64 bit Build 18362 (10.0.18362.329)

CPU:total 4 (initial active 4) (2 cores per cpu, 2 threads per core) family 6 model 142 stepping 9, cmov, cx8, fxsr, mmx, sse, sse2, sse3, ssse3, sse4.1, sse4.2, popcnt, avx, avx2, aes, clmul, erms, 3dnowpref, lzcnt, ht, tsc, tscinvbit, bmi1, bmi2, adx

Memory: 4k page, physical 12460568k(5095216k free), swap 15868440k(4865608k free)

vm_info: Java HotSpot(TM) 64-Bit Server VM (25.221-b11) for windows-amd64 JRE (1.8.0_221-b11), built on Jul  4 2019 04:39:29 by "java_re" with MS VC++ 10.0 (VS2010)

time: Thu Nov 07 16:38:09 2019
timezone: SE Asia Standard Time
elapsed time: 10 seconds (0d 0h 0m 10s)

